<?xml version="1.0" encoding="UTF-8"?>
<testsuite xmlns:xsi="http://www.w3.org/2001/XMLSchema-instance" xsi:noNamespaceSchemaLocation="https://maven.apache.org/surefire/maven-surefire-plugin/xsd/surefire-test-report-3.0.xsd" version="3.0" name="com.forgemind.modules.auth.controller.AuthControllerIntegrationTest" time="6.91" tests="8" errors="0" skipped="0" failures="0">
  <properties>
[...]
</properties>
  <testcase name="register_shortPassword_returns400" classname="com.forgemind.modules.auth.controller.AuthControllerIntegrationTest" time="0.856">
    <system-out><![CDATA[
  .   ____          _            __ _ _
 /\\ / ___'_ __ _ _(_)_ __  __ _ \ \ \ \
( ( )\___ | '_ | '_| | '_ \/ _` | \ \ \ \
 \\/  ___)| |_)| | | | | || (_| |  ) ) ) )
  '  |____| .__|_| |_|_| |_\__, | / / / /
 =========|_|==============|___/=/_/_/_/

 :: Spring Boot ::                (v3.3.1)

2026-06-28 18:31:46.102  INFO 5472 --- [           main] c.f.m.a.c.AuthControllerIntegrationTest  : Starting AuthControllerIntegrationTest using Java 21.0.11 with PID 5472 (started by varun in C:\Users\varun\OneDrive\Documents\flutter1\Forgemind\ForgeMind\backend)
2026-06-28 18:31:46.103 DEBUG 5472 --- [           main] c.f.m.a.c.AuthControllerIntegrationTest  : Running with Spring Boot v3.3.1, Spring v6.1.10
2026-06-28 18:31:46.103  INFO 5472 --- [           main] c.f.m.a.c.AuthControllerIntegrationTest  : The following 1 profile is active: "test"
2026-06-28 18:31:47.533 DEBUG 5472 --- [           main] org.hibernate.SQL                        : 
    drop table if exists public.refresh_tokens cascade 
2026-06-28 18:31:47.540 DEBUG 5472 --- [           main] org.hibernate.SQL                        : 
    drop table if exists public.roles cascade 
2026-06-28 18:31:47.542 DEBUG 5472 --- [           main] org.hibernate.SQL                        : 
    drop table if exists public.user_roles cascade 
2026-06-28 18:31:47.544 DEBUG 5472 --- [           main] org.hibernate.SQL                        : 
    drop table if exists public.users cascade 
2026-06-28 18:31:47.546 DEBUG 5472 --- [           main] org.hibernate.SQL                        : 
    create table public.refresh_tokens (
        revoked boolean not null,
        created_at timestamp(6) with time zone not null,
        expires_at timestamp(6) with time zone not null,
        id bigint generated by default as identity,
        user_id bigint not null,
        token_hash varchar(255) not null unique,
        primary key (id)
    )
2026-06-28 18:31:47.550 DEBUG 5472 --- [           main] org.hibernate.SQL                        : 
    create table public.roles (
        created_at timestamp(6) with time zone not null,
        id bigint generated by default as identity,
        name varchar(50) not null unique,
        description varchar(255),
        primary key (id)
    )
2026-06-28 18:31:47.552 DEBUG 5472 --- [           main] org.hibernate.SQL                        : 
    create table public.user_roles (
        role_id bigint not null,
        user_id bigint not null,
        primary key (role_id, user_id)
    )
2026-06-28 18:31:47.554 DEBUG 5472 --- [           main] org.hibernate.SQL                        : 
    create table public.users (
        enabled boolean not null,
        created_at timestamp(6) with time zone not null,
        id bigint generated by default as identity,
        updated_at timestamp(6) with time zone not null,
        username varchar(50) not null unique,
        first_name varchar(100) not null,
        last_name varchar(100) not null,
        email varchar(255) not null unique,
        password_hash varchar(255) not null,
        primary key (id)
    )
2026-06-28 18:31:47.560 DEBUG 5472 --- [           main] org.hibernate.SQL                        : 
    alter table if exists public.refresh_tokens 
       add constraint FK1lih5y2npsf8u5o3vhdb9y0os 
       foreign key (user_id) 
       references public.users
2026-06-28 18:31:47.563 DEBUG 5472 --- [           main] org.hibernate.SQL                        : 
    alter table if exists public.user_roles 
       add constraint FKh8ciramu9cc9q3qcqiv4ue8a6 
       foreign key (role_id) 
       references public.roles
2026-06-28 18:31:47.565 DEBUG 5472 --- [           main] org.hibernate.SQL                        : 
    alter table if exists public.user_roles 
       add constraint FKhfh9dx7w3ubf1co1vdev94g3f 
       foreign key (user_id) 
       references public.users
2026-06-28 18:31:47.974  INFO 5472 --- [           main] eAuthenticationProviderManagerConfigurer : Global AuthenticationManager configured with AuthenticationProvider bean with name authenticationProvider
2026-06-28 18:31:47.976  WARN 5472 --- [           main] r$InitializeUserDetailsManagerConfigurer : Global AuthenticationManager configured with an AuthenticationProvider bean. UserDetailsService beans will not be used for username/password login. Consider removing the AuthenticationProvider bean. Alternatively, consider using the UserDetailsService in a manually instantiated DaoAuthenticationProvider.
2026-06-28 18:31:49.235 DEBUG 5472 --- [           main] c.f.m.a.s.JwtAuthenticationFilter        : Filter 'jwtAuthenticationFilter' configured for use
2026-06-28 18:31:49.266  INFO 5472 --- [           main] org.springframework.web.SimpLogging      : Starting...
2026-06-28 18:31:49.266  INFO 5472 --- [           main] org.springframework.web.SimpLogging      : BrokerAvailabilityEvent[available=true, SimpleBrokerMessageHandler [org.springframework.messaging.simp.broker.DefaultSubscriptionRegistry@528a7eea]]
2026-06-28 18:31:49.267  INFO 5472 --- [           main] org.springframework.web.SimpLogging      : Started.
2026-06-28 18:31:49.281  INFO 5472 --- [           main] c.f.m.a.c.AuthControllerIntegrationTest  : Started AuthControllerIntegrationTest in 3.282 seconds (process running for 29.818)
2026-06-28 18:31:49.492 DEBUG 5472 --- [           main] org.hibernate.SQL                        : 
    select
        u1_0.id,
        u1_0.created_at,
        u1_0.email,
        u1_0.enabled,
        u1_0.first_name,
        u1_0.last_name,
        u1_0.password_hash,
        u1_0.updated_at,
        u1_0.username 
    from
        public.users u1_0
2026-06-28 18:31:49.537 DEBUG 5472 --- [           main] org.hibernate.SQL                        : 
    select
        r1_0.id,
        r1_0.created_at,
        r1_0.description,
        r1_0.name 
    from
        public.roles r1_0
2026-06-28 18:31:49.587 DEBUG 5472 --- [           main] org.hibernate.SQL                        : 
    insert 
    into
        public.roles
        (created_at, description, name, id) 
    values
        (?, ?, ?, default)
2026-06-28 18:31:49.977 DEBUG 5472 --- [           main] c.f.c.exception.GlobalExceptionHandler   : Validation failure on /api/v1/auth/register: [com.forgemind.common.dto.ErrorResponse$FieldError@4bf16b95]
]]></system-out>
  </testcase>
  <testcase name="register_blankUsername_returns400" classname="com.forgemind.modules.auth.controller.AuthControllerIntegrationTest" time="0.034">
    <system-out><![CDATA[2026-06-28 18:31:50.156 DEBUG 5472 --- [           main] org.hibernate.SQL                        : 
    select
        u1_0.id,
        u1_0.created_at,
        u1_0.email,
        u1_0.enabled,
        u1_0.first_name,
        u1_0.last_name,
        u1_0.password_hash,
        u1_0.updated_at,
        u1_0.username 
    from
        public.users u1_0
2026-06-28 18:31:50.160 DEBUG 5472 --- [           main] org.hibernate.SQL                        : 
    select
        r1_0.id,
        r1_0.created_at,
        r1_0.description,
        r1_0.name 
    from
        public.roles r1_0
2026-06-28 18:31:50.162 DEBUG 5472 --- [           main] org.hibernate.SQL                        : 
    insert 
    into
        public.roles
        (created_at, description, name, id) 
    values
        (?, ?, ?, default)
2026-06-28 18:31:50.172 DEBUG 5472 --- [           main] c.f.c.exception.GlobalExceptionHandler   : Validation failure on /api/v1/auth/register: [com.forgemind.common.dto.ErrorResponse$FieldError@63f22d37]
]]></system-out>
  </testcase>
  <testcase name="register_success_returns201" classname="com.forgemind.modules.auth.controller.AuthControllerIntegrationTest" time="0.705">
    <system-out><![CDATA[2026-06-28 18:31:50.192 DEBUG 5472 --- [           main] org.hibernate.SQL                        : 
    select
        u1_0.id,
        u1_0.created_at,
        u1_0.email,
        u1_0.enabled,
        u1_0.first_name,
        u1_0.last_name,
        u1_0.password_hash,
        u1_0.updated_at,
        u1_0.username 
    from
        public.users u1_0
2026-06-28 18:31:50.196 DEBUG 5472 --- [           main] org.hibernate.SQL                        : 
    select
        r1_0.id,
        r1_0.created_at,
        r1_0.description,
        r1_0.name 
    from
        public.roles r1_0
2026-06-28 18:31:50.199 DEBUG 5472 --- [           main] org.hibernate.SQL                        : 
    insert 
    into
        public.roles
        (created_at, description, name, id) 
    values
        (?, ?, ?, default)
2026-06-28 18:31:50.212 DEBUG 5472 --- [           main] c.f.modules.auth.service.AuthService     : Attempting to register new user: alicesmith
2026-06-28 18:31:50.258 DEBUG 5472 --- [           main] org.hibernate.SQL                        : 
    select
        u1_0.id 
    from
        public.users u1_0 
    where
        u1_0.username=? 
    fetch
        first ? rows only
2026-06-28 18:31:50.264 DEBUG 5472 --- [           main] org.hibernate.SQL                        : 
    select
        u1_0.id 
    from
        public.users u1_0 
    where
        u1_0.email=? 
    fetch
        first ? rows only
2026-06-28 18:31:50.269 DEBUG 5472 --- [           main] org.hibernate.SQL                        : 
    select
        r1_0.id,
        r1_0.created_at,
        r1_0.description,
        r1_0.name 
    from
        public.roles r1_0 
    where
        r1_0.name=?
2026-06-28 18:31:50.860 DEBUG 5472 --- [           main] org.hibernate.SQL                        : 
    insert 
    into
        public.users
        (created_at, email, enabled, first_name, last_name, password_hash, updated_at, username, id) 
    values
        (?, ?, ?, ?, ?, ?, ?, ?, default)
2026-06-28 18:31:50.863  INFO 5472 --- [           main] c.f.modules.auth.service.AuthService     : Successfully registered user: alicesmith with ID: 1
]]></system-out>
  </testcase>
  <testcase name="register_emailStoredLowercase" classname="com.forgemind.modules.auth.controller.AuthControllerIntegrationTest" time="0.614">
    <system-out><![CDATA[2026-06-28 18:31:50.899 DEBUG 5472 --- [           main] org.hibernate.SQL                        : 
    select
        u1_0.id,
        u1_0.created_at,
        u1_0.email,
        u1_0.enabled,
        u1_0.first_name,
        u1_0.last_name,
        u1_0.password_hash,
        u1_0.updated_at,
        u1_0.username 
    from
        public.users u1_0
2026-06-28 18:31:50.901 DEBUG 5472 --- [           main] org.hibernate.SQL                        : 
    select
        r1_0.id,
        r1_0.created_at,
        r1_0.description,
        r1_0.name 
    from
        public.roles r1_0
2026-06-28 18:31:50.903 DEBUG 5472 --- [           main] org.hibernate.SQL                        : 
    insert 
    into
        public.roles
        (created_at, description, name, id) 
    values
        (?, ?, ?, default)
2026-06-28 18:31:50.911 DEBUG 5472 --- [           main] c.f.modules.auth.service.AuthService     : Attempting to register new user: bobjones
2026-06-28 18:31:50.913 DEBUG 5472 --- [           main] org.hibernate.SQL                        : 
    select
        u1_0.id 
    from
        public.users u1_0 
    where
        u1_0.username=? 
    fetch
        first ? rows only
2026-06-28 18:31:50.916 DEBUG 5472 --- [           main] org.hibernate.SQL                        : 
    select
        u1_0.id 
    from
        public.users u1_0 
    where
        u1_0.email=? 
    fetch
        first ? rows only
2026-06-28 18:31:50.919 DEBUG 5472 --- [           main] org.hibernate.SQL                        : 
    select
        r1_0.id,
        r1_0.created_at,
        r1_0.description,
        r1_0.name 
    from
        public.roles r1_0 
    where
        r1_0.name=?
2026-06-28 18:31:51.493 DEBUG 5472 --- [           main] org.hibernate.SQL                        : 
    insert 
    into
        public.users
        (created_at, email, enabled, first_name, last_name, password_hash, updated_at, username, id) 
    values
        (?, ?, ?, ?, ?, ?, ?, ?, default)
2026-06-28 18:31:51.496  INFO 5472 --- [           main] c.f.modules.auth.service.AuthService     : Successfully registered user: bobjones with ID: 2
]]></system-out>
  </testcase>
  <testcase name="register_duplicateEmail_returns409" classname="com.forgemind.modules.auth.controller.AuthControllerIntegrationTest" time="0.646">
    <system-out><![CDATA[2026-06-28 18:31:51.520 DEBUG 5472 --- [           main] org.hibernate.SQL                        : 
    select
        u1_0.id,
        u1_0.created_at,
        u1_0.email,
        u1_0.enabled,
        u1_0.first_name,
        u1_0.last_name,
        u1_0.password_hash,
        u1_0.updated_at,
        u1_0.username 
    from
        public.users u1_0
2026-06-28 18:31:51.523 DEBUG 5472 --- [           main] org.hibernate.SQL                        : 
    select
        r1_0.id,
        r1_0.created_at,
        r1_0.description,
        r1_0.name 
    from
        public.roles r1_0
2026-06-28 18:31:51.525 DEBUG 5472 --- [           main] org.hibernate.SQL                        : 
    insert 
    into
        public.roles
        (created_at, description, name, id) 
    values
        (?, ?, ?, default)
2026-06-28 18:31:51.533 DEBUG 5472 --- [           main] c.f.modules.auth.service.AuthService     : Attempting to register new user: davegreen
2026-06-28 18:31:51.535 DEBUG 5472 --- [           main] org.hibernate.SQL                        : 
    select
        u1_0.id 
    from
        public.users u1_0 
    where
        u1_0.username=? 
    fetch
        first ? rows only
2026-06-28 18:31:51.539 DEBUG 5472 --- [           main] org.hibernate.SQL                        : 
    select
        u1_0.id 
    from
        public.users u1_0 
    where
        u1_0.email=? 
    fetch
        first ? rows only
2026-06-28 18:31:51.543 DEBUG 5472 --- [           main] org.hibernate.SQL                        : 
    select
        r1_0.id,
        r1_0.created_at,
        r1_0.description,
        r1_0.name 
    from
        public.roles r1_0 
    where
        r1_0.name=?
2026-06-28 18:31:52.117 DEBUG 5472 --- [           main] org.hibernate.SQL                        : 
    insert 
    into
        public.users
        (created_at, email, enabled, first_name, last_name, password_hash, updated_at, username, id) 
    values
        (?, ?, ?, ?, ?, ?, ?, ?, default)
2026-06-28 18:31:52.120  INFO 5472 --- [           main] c.f.modules.auth.service.AuthService     : Successfully registered user: davegreen with ID: 3
2026-06-28 18:31:52.128 DEBUG 5472 --- [           main] c.f.modules.auth.service.AuthService     : Attempting to register new user: davegreen2
2026-06-28 18:31:52.138 DEBUG 5472 --- [           main] org.hibernate.SQL                        : 
    select
        u1_0.id 
    from
        public.users u1_0 
    where
        u1_0.username=? 
    fetch
        first ? rows only
2026-06-28 18:31:52.143 DEBUG 5472 --- [           main] org.hibernate.SQL                        : 
    select
        u1_0.id 
    from
        public.users u1_0 
    where
        u1_0.email=? 
    fetch
        first ? rows only
2026-06-28 18:31:52.147  WARN 5472 --- [           main] c.f.c.exception.GlobalExceptionHandler   : Domain exception on /api/v1/auth/register: EMAIL_EXISTS — Email is already taken
]]></system-out>
  </testcase>
  <testcase name="register_duplicateUsername_returns409" classname="com.forgemind.modules.auth.controller.AuthControllerIntegrationTest" time="0.609">
    <system-out><![CDATA[2026-06-28 18:31:52.166 DEBUG 5472 --- [           main] org.hibernate.SQL                        : 
    select
        u1_0.id,
        u1_0.created_at,
        u1_0.email,
        u1_0.enabled,
        u1_0.first_name,
        u1_0.last_name,
        u1_0.password_hash,
        u1_0.updated_at,
        u1_0.username 
    from
        public.users u1_0
2026-06-28 18:31:52.169 DEBUG 5472 --- [           main] org.hibernate.SQL                        : 
    select
        r1_0.id,
        r1_0.created_at,
        r1_0.description,
        r1_0.name 
    from
        public.roles r1_0
2026-06-28 18:31:52.171 DEBUG 5472 --- [           main] org.hibernate.SQL                        : 
    insert 
    into
        public.roles
        (created_at, description, name, id) 
    values
        (?, ?, ?, default)
2026-06-28 18:31:52.178 DEBUG 5472 --- [           main] c.f.modules.auth.service.AuthService     : Attempting to register new user: carolwhite
2026-06-28 18:31:52.180 DEBUG 5472 --- [           main] org.hibernate.SQL                        : 
    select
        u1_0.id 
    from
        public.users u1_0 
    where
        u1_0.username=? 
    fetch
        first ? rows only
2026-06-28 18:31:52.185 DEBUG 5472 --- [           main] org.hibernate.SQL                        : 
    select
        u1_0.id 
    from
        public.users u1_0 
    where
        u1_0.email=? 
    fetch
        first ? rows only
2026-06-28 18:31:52.188 DEBUG 5472 --- [           main] org.hibernate.SQL                        : 
    select
        r1_0.id,
        r1_0.created_at,
        r1_0.description,
        r1_0.name 
    from
        public.roles r1_0 
    where
        r1_0.name=?
2026-06-28 18:31:52.748 DEBUG 5472 --- [           main] org.hibernate.SQL                        : 
    insert 
    into
        public.users
        (created_at, email, enabled, first_name, last_name, password_hash, updated_at, username, id) 
    values
        (?, ?, ?, ?, ?, ?, ?, ?, default)
2026-06-28 18:31:52.750  INFO 5472 --- [           main] c.f.modules.auth.service.AuthService     : Successfully registered user: carolwhite with ID: 4
2026-06-28 18:31:52.756 DEBUG 5472 --- [           main] c.f.modules.auth.service.AuthService     : Attempting to register new user: carolwhite
2026-06-28 18:31:52.758 DEBUG 5472 --- [           main] org.hibernate.SQL                        : 
    select
        u1_0.id 
    from
        public.users u1_0 
    where
        u1_0.username=? 
    fetch
        first ? rows only
2026-06-28 18:31:52.759  WARN 5472 --- [           main] c.f.c.exception.GlobalExceptionHandler   : Domain exception on /api/v1/auth/register: USERNAME_EXISTS — Username is already taken
]]></system-out>
  </testcase>
  <testcase name="register_invalidEmail_returns400" classname="com.forgemind.modules.auth.controller.AuthControllerIntegrationTest" time="0.031">
    <system-out><![CDATA[2026-06-28 18:31:52.776 DEBUG 5472 --- [           main] org.hibernate.SQL                        : 
    select
        u1_0.id,
        u1_0.created_at,
        u1_0.email,
        u1_0.enabled,
        u1_0.first_name,
        u1_0.last_name,
        u1_0.password_hash,
        u1_0.updated_at,
        u1_0.username 
    from
        public.users u1_0
2026-06-28 18:31:52.780 DEBUG 5472 --- [           main] org.hibernate.SQL                        : 
    select
        r1_0.id,
        r1_0.created_at,
        r1_0.description,
        r1_0.name 
    from
        public.roles r1_0
2026-06-28 18:31:52.782 DEBUG 5472 --- [           main] org.hibernate.SQL                        : 
    insert 
    into
        public.roles
        (created_at, description, name, id) 
    values
        (?, ?, ?, default)
2026-06-28 18:31:52.792 DEBUG 5472 --- [           main] c.f.c.exception.GlobalExceptionHandler   : Validation failure on /api/v1/auth/register: [com.forgemind.common.dto.ErrorResponse$FieldError@14148b24]
]]></system-out>
  </testcase>
  <testcase name="register_blankFirstName_returns400" classname="com.forgemind.modules.auth.controller.AuthControllerIntegrationTest" time="0.03">
    <system-out><![CDATA[2026-06-28 18:31:52.809 DEBUG 5472 --- [           main] org.hibernate.SQL                        : 
    select
        u1_0.id,
        u1_0.created_at,
        u1_0.email,
        u1_0.enabled,
        u1_0.first_name,
        u1_0.last_name,
        u1_0.password_hash,
        u1_0.updated_at,
        u1_0.username 
    from
        public.users u1_0
2026-06-28 18:31:52.812 DEBUG 5472 --- [           main] org.hibernate.SQL                        : 
    select
        r1_0.id,
        r1_0.created_at,
        r1_0.description,
        r1_0.name 
    from
        public.roles r1_0
2026-06-28 18:31:52.814 DEBUG 5472 --- [           main] org.hibernate.SQL                        : 
    insert 
    into
        public.roles
        (created_at, description, name, id) 
    values
        (?, ?, ?, default)
2026-06-28 18:31:52.824 DEBUG 5472 --- [           main] c.f.c.exception.GlobalExceptionHandler   : Validation failure on /api/v1/auth/register: [com.forgemind.common.dto.ErrorResponse$FieldError@1d7ca8b0]
]]></system-out>
  </testcase>
</testsuite>