<?xml version="1.0" encoding="UTF-8"?>
<testsuite xmlns:xsi="http://www.w3.org/2001/XMLSchema-instance" xsi:noNamespaceSchemaLocation="https://maven.apache.org/surefire/maven-surefire-plugin/xsd/surefire-test-report-3.0.xsd" version="3.0" name="com.forgemind.modules.auth.controller.AuthControllerIntegrationTest" time="11.235" tests="8" errors="0" skipped="0" failures="0">
  <properties>
[...]
</properties>
  <testcase name="register_shortPassword_returns400" classname="com.forgemind.modules.auth.controller.AuthControllerIntegrationTest" time="0.959">
    <system-out><![CDATA[
  .   ____          _            __ _ _
 /\\ / ___'_ __ _ _(_)_ __  __ _ \ \ \ \
( ( )\___ | '_ | '_| | '_ \/ _` | \ \ \ \
 \\/  ___)| |_)| | | | | || (_| |  ) ) ) )
  '  |____| .__|_| |_|_| |_\__, | / / / /
 =========|_|==============|___/=/_/_/_/

 :: Spring Boot ::                (v3.3.1)

2026-07-12 10:27:55.848  INFO 14848 --- [           main] c.f.m.a.c.AuthControllerIntegrationTest  : [NO_REQ_ID | NO_USER] Starting AuthControllerIntegrationTest using Java 21.0.11 with PID 14848 (started by varun in C:\Users\varun\OneDrive\Documents\flutter1\Forgemind\ForgeMind\backend)
2026-07-12 10:27:55.849 DEBUG 14848 --- [           main] c.f.m.a.c.AuthControllerIntegrationTest  : [NO_REQ_ID | NO_USER] Running with Spring Boot v3.3.1, Spring v6.1.10
2026-07-12 10:27:55.849  INFO 14848 --- [           main] c.f.m.a.c.AuthControllerIntegrationTest  : [NO_REQ_ID | NO_USER] The following 1 profile is active: "test"
2026-07-12 10:27:59.068 DEBUG 14848 --- [           main] org.hibernate.SQL                        : [NO_REQ_ID | NO_USER] 
    drop table if exists public.activities cascade 
2026-07-12 10:27:59.074 DEBUG 14848 --- [           main] org.hibernate.SQL                        : [NO_REQ_ID | NO_USER] 
    drop table if exists public.knowledge_chunks cascade 
2026-07-12 10:27:59.076 DEBUG 14848 --- [           main] org.hibernate.SQL                        : [NO_REQ_ID | NO_USER] 
    drop table if exists public.knowledge_documents cascade 
2026-07-12 10:27:59.077 DEBUG 14848 --- [           main] org.hibernate.SQL                        : [NO_REQ_ID | NO_USER] 
    drop table if exists public.projects cascade 
2026-07-12 10:27:59.080 DEBUG 14848 --- [           main] org.hibernate.SQL                        : [NO_REQ_ID | NO_USER] 
    drop table if exists public.refresh_tokens cascade 
2026-07-12 10:27:59.084 DEBUG 14848 --- [           main] org.hibernate.SQL                        : [NO_REQ_ID | NO_USER] 
    drop table if exists public.roles cascade 
2026-07-12 10:27:59.088 DEBUG 14848 --- [           main] org.hibernate.SQL                        : [NO_REQ_ID | NO_USER] 
    drop table if exists public.tasks cascade 
2026-07-12 10:27:59.090 DEBUG 14848 --- [           main] org.hibernate.SQL                        : [NO_REQ_ID | NO_USER] 
    drop table if exists public.team_members cascade 
2026-07-12 10:27:59.091 DEBUG 14848 --- [           main] org.hibernate.SQL                        : [NO_REQ_ID | NO_USER] 
    drop table if exists public.teams cascade 
2026-07-12 10:27:59.094 DEBUG 14848 --- [           main] org.hibernate.SQL                        : [NO_REQ_ID | NO_USER] 
    drop table if exists public.user_roles cascade 
2026-07-12 10:27:59.095 DEBUG 14848 --- [           main] org.hibernate.SQL                        : [NO_REQ_ID | NO_USER] 
    drop table if exists public.users cascade 
2026-07-12 10:27:59.099 DEBUG 14848 --- [           main] org.hibernate.SQL                        : [NO_REQ_ID | NO_USER] 
    create table public.activities (
        actor_id bigint not null,
        created_at timestamp(6) with time zone not null,
        id uuid not null,
        project_id uuid,
        task_id uuid,
        team_id uuid,
        message TEXT not null,
        metadata TEXT,
        activity_type enum ('PROJECT_CREATED','PROJECT_DELETED','PROJECT_UPDATED','TASK_ASSIGNED','TASK_COMPLETED','TASK_CREATED','TASK_DELETED','TASK_STATUS_CHANGED','TASK_UPDATED','TEAM_CREATED','TEAM_MEMBER_ADDED','TEAM_MEMBER_REMOVED','USER_UPDATED') not null,
        primary key (id)
    )
2026-07-12 10:27:59.102 DEBUG 14848 --- [           main] org.hibernate.SQL                        : [NO_REQ_ID | NO_USER] 
    create table public.knowledge_chunks (
        chunk_index integer not null,
        created_at timestamp(6) with time zone not null,
        document_id uuid not null,
        id uuid not null,
        project_id uuid not null,
        chunk_text TEXT not null,
        metadata JSONB,
        source_id varchar(255) not null,
        source_type enum ('ACTIVITY','DOCUMENTATION','PROJECT','TASK','TEAM') not null,
        primary key (id)
    )
2026-07-12 10:27:59.105 DEBUG 14848 --- [           main] org.hibernate.SQL                        : [NO_REQ_ID | NO_USER] 
    create table public.knowledge_documents (
        chunk_count integer not null,
        created_at timestamp(6) with time zone not null,
        indexed_at timestamp(6) with time zone not null,
        updated_at timestamp(6) with time zone not null,
        id uuid not null,
        project_id uuid not null,
        checksum varchar(64),
        title varchar(500),
        source_id varchar(255) not null,
        source_type enum ('ACTIVITY','DOCUMENTATION','PROJECT','TASK','TEAM') not null,
        primary key (id)
    )
2026-07-12 10:27:59.108 DEBUG 14848 --- [           main] org.hibernate.SQL                        : [NO_REQ_ID | NO_USER] 
    create table public.projects (
        created_at timestamp(6) with time zone not null,
        owner_id bigint not null,
        updated_at timestamp(6) with time zone not null,
        id uuid not null,
        name varchar(100) not null,
        description TEXT,
        status enum ('ACTIVE','ARCHIVED','COMPLETED') not null,
        primary key (id)
    )
2026-07-12 10:27:59.110 DEBUG 14848 --- [           main] org.hibernate.SQL                        : [NO_REQ_ID | NO_USER] 
    create table public.refresh_tokens (
        revoked boolean not null,
        created_at timestamp(6) with time zone not null,
        expires_at timestamp(6) with time zone not null,
        id bigint generated by default as identity,
        user_id bigint not null,
        token_hash varchar(255) not null unique,
        primary key (id)
    )
2026-07-12 10:27:59.114 DEBUG 14848 --- [           main] org.hibernate.SQL                        : [NO_REQ_ID | NO_USER] 
    create table public.roles (
        created_at timestamp(6) with time zone not null,
        id bigint generated by default as identity,
        name varchar(50) not null unique,
        description varchar(255),
        primary key (id)
    )
2026-07-12 10:27:59.116 DEBUG 14848 --- [           main] org.hibernate.SQL                        : [NO_REQ_ID | NO_USER] 
    create table public.tasks (
        assignee_id bigint,
        created_at timestamp(6) with time zone not null,
        created_by bigint not null,
        due_date timestamp(6) with time zone,
        updated_at timestamp(6) with time zone not null,
        id uuid not null,
        project_id uuid not null,
        description TEXT,
        title varchar(255) not null,
        priority enum ('CRITICAL','HIGH','LOW','MEDIUM') not null,
        status enum ('BLOCKED','DONE','IN_PROGRESS','IN_REVIEW','TODO') not null,
        primary key (id)
    )
2026-07-12 10:27:59.119 DEBUG 14848 --- [           main] org.hibernate.SQL                        : [NO_REQ_ID | NO_USER] 
    create table public.team_members (
        joined_at timestamp(6) with time zone not null,
        user_id bigint not null,
        id uuid not null,
        team_id uuid not null,
        role enum ('ADMIN','MEMBER','OWNER') not null,
        primary key (id),
        unique (team_id, user_id)
    )
2026-07-12 10:27:59.122 DEBUG 14848 --- [           main] org.hibernate.SQL                        : [NO_REQ_ID | NO_USER] 
    create table public.teams (
        created_at timestamp(6) with time zone not null,
        updated_at timestamp(6) with time zone not null,
        id uuid not null,
        description TEXT,
        name varchar(255) not null,
        primary key (id)
    )
2026-07-12 10:27:59.124 DEBUG 14848 --- [           main] org.hibernate.SQL                        : [NO_REQ_ID | NO_USER] 
    create table public.user_roles (
        role_id bigint not null,
        user_id bigint not null,
        primary key (role_id, user_id)
    )
2026-07-12 10:27:59.126 DEBUG 14848 --- [           main] org.hibernate.SQL                        : [NO_REQ_ID | NO_USER] 
    create table public.users (
        enabled boolean not null,
        created_at timestamp(6) with time zone not null,
        id bigint generated by default as identity,
        updated_at timestamp(6) with time zone not null,
        username varchar(50) not null unique,
        first_name varchar(100) not null,
        last_name varchar(100) not null,
        email varchar(255) not null unique,
        password_hash varchar(255) not null,
        primary key (id)
    )
2026-07-12 10:27:59.129 DEBUG 14848 --- [           main] org.hibernate.SQL                        : [NO_REQ_ID | NO_USER] 
    alter table if exists public.activities 
       add constraint FKmfjrc8jdvy0yrr7x67qmrxkue 
       foreign key (actor_id) 
       references public.users
2026-07-12 10:27:59.132 DEBUG 14848 --- [           main] org.hibernate.SQL                        : [NO_REQ_ID | NO_USER] 
    alter table if exists public.projects 
       add constraint FKmueqy6cpcwpfl8gnnag4idjt9 
       foreign key (owner_id) 
       references public.users
2026-07-12 10:27:59.135 DEBUG 14848 --- [           main] org.hibernate.SQL                        : [NO_REQ_ID | NO_USER] 
    alter table if exists public.refresh_tokens 
       add constraint FK1lih5y2npsf8u5o3vhdb9y0os 
       foreign key (user_id) 
       references public.users
2026-07-12 10:27:59.138 DEBUG 14848 --- [           main] org.hibernate.SQL                        : [NO_REQ_ID | NO_USER] 
    alter table if exists public.tasks 
       add constraint FKekr1dgiqktpyoip3qmp6lxsit 
       foreign key (assignee_id) 
       references public.users
2026-07-12 10:27:59.140 DEBUG 14848 --- [           main] org.hibernate.SQL                        : [NO_REQ_ID | NO_USER] 
    alter table if exists public.tasks 
       add constraint FK9dgm9t7wn4w3gh57h63g712lo 
       foreign key (created_by) 
       references public.users
2026-07-12 10:27:59.143 DEBUG 14848 --- [           main] org.hibernate.SQL                        : [NO_REQ_ID | NO_USER] 
    alter table if exists public.tasks 
       add constraint FKsfhn82y57i3k9uxww1s007acc 
       foreign key (project_id) 
       references public.projects
2026-07-12 10:27:59.146 DEBUG 14848 --- [           main] org.hibernate.SQL                        : [NO_REQ_ID | NO_USER] 
    alter table if exists public.team_members 
       add constraint FKtgca08el3ofisywcf11f0f76t 
       foreign key (team_id) 
       references public.teams
2026-07-12 10:27:59.149 DEBUG 14848 --- [           main] org.hibernate.SQL                        : [NO_REQ_ID | NO_USER] 
    alter table if exists public.team_members 
       add constraint FKee8x7x5026imwmma9kndkxs36 
       foreign key (user_id) 
       references public.users
2026-07-12 10:27:59.153 DEBUG 14848 --- [           main] org.hibernate.SQL                        : [NO_REQ_ID | NO_USER] 
    alter table if exists public.user_roles 
       add constraint FKh8ciramu9cc9q3qcqiv4ue8a6 
       foreign key (role_id) 
       references public.roles
2026-07-12 10:27:59.156 DEBUG 14848 --- [           main] org.hibernate.SQL                        : [NO_REQ_ID | NO_USER] 
    alter table if exists public.user_roles 
       add constraint FKhfh9dx7w3ubf1co1vdev94g3f 
       foreign key (user_id) 
       references public.users
2026-07-12 10:28:00.176  INFO 14848 --- [           main] c.forgemind.modules.ai.config.AiConfig   : [NO_REQ_ID | NO_USER] Initializing AI Provider: MOCK
2026-07-12 10:28:00.325  INFO 14848 --- [           main] c.f.modules.ai.tools.ToolExecutor        : [NO_REQ_ID | NO_USER] ToolExecutor initialized with 5 tools: [project.fetch, metrics.compute, task.list, team.fetch, activity.recent]
2026-07-12 10:28:00.344  INFO 14848 --- [           main] c.f.m.a.embedding.MockEmbeddingProvider  : [NO_REQ_ID | NO_USER] MockEmbeddingProvider initialized with 1536 dimensions
2026-07-12 10:28:00.421  INFO 14848 --- [           main] c.f.modules.ai.agent.AgentRegistry       : [NO_REQ_ID | NO_USER] AgentRegistry initialized with 5 agents: [PLANNING, DOCUMENTATION, RISK_ANALYSIS, SPRINT_PLANNING, STANDUP]
2026-07-12 10:28:00.718  INFO 14848 --- [           main] eAuthenticationProviderManagerConfigurer : [NO_REQ_ID | NO_USER] Global AuthenticationManager configured with AuthenticationProvider bean with name authenticationProvider
2026-07-12 10:28:00.718  WARN 14848 --- [           main] r$InitializeUserDetailsManagerConfigurer : [NO_REQ_ID | NO_USER] Global AuthenticationManager configured with an AuthenticationProvider bean. UserDetailsService beans will not be used for username/password login. Consider removing the AuthenticationProvider bean. Alternatively, consider using the UserDetailsService in a manually instantiated DaoAuthenticationProvider.
2026-07-12 10:28:02.639 DEBUG 14848 --- [           main] c.f.config.filter.MdcLoggingFilter       : [NO_REQ_ID | NO_USER] Filter 'mdcLoggingFilter' configured for use
2026-07-12 10:28:02.639 DEBUG 14848 --- [           main] c.f.m.a.s.JwtAuthenticationFilter        : [NO_REQ_ID | NO_USER] Filter 'jwtAuthenticationFilter' configured for use
2026-07-12 10:28:02.696  INFO 14848 --- [           main] org.springframework.web.SimpLogging      : [NO_REQ_ID | NO_USER] Starting...
2026-07-12 10:28:02.697  INFO 14848 --- [           main] org.springframework.web.SimpLogging      : [NO_REQ_ID | NO_USER] BrokerAvailabilityEvent[available=true, SimpleBrokerMessageHandler [org.springframework.messaging.simp.broker.DefaultSubscriptionRegistry@2c297832]]
2026-07-12 10:28:02.698  INFO 14848 --- [           main] org.springframework.web.SimpLogging      : [NO_REQ_ID | NO_USER] Started.
2026-07-12 10:28:02.761  INFO 14848 --- [           main] c.f.m.a.c.AuthControllerIntegrationTest  : [NO_REQ_ID | NO_USER] Started AuthControllerIntegrationTest in 7.028 seconds (process running for 34.892)
2026-07-12 10:28:03.064 DEBUG 14848 --- [           main] org.hibernate.SQL                        : [NO_REQ_ID | NO_USER] 
    select
        u1_0.id,
        u1_0.created_at,
        u1_0.email,
        u1_0.enabled,
        u1_0.first_name,
        u1_0.last_name,
        u1_0.password_hash,
        u1_0.updated_at,
        u1_0.username 
    from
        public.users u1_0
2026-07-12 10:28:03.126 DEBUG 14848 --- [           main] org.hibernate.SQL                        : [NO_REQ_ID | NO_USER] 
    select
        r1_0.id,
        r1_0.created_at,
        r1_0.description,
        r1_0.name 
    from
        public.roles r1_0
2026-07-12 10:28:03.194 DEBUG 14848 --- [           main] org.hibernate.SQL                        : [NO_REQ_ID | NO_USER] 
    insert 
    into
        public.roles
        (created_at, description, name, id) 
    values
        (?, ?, ?, default)
2026-07-12 10:28:03.560  WARN 14848 --- [           main] c.f.c.exception.GlobalExceptionHandler   : [d24cf464-cb8d-40bb-bff7-da9a6723e7a3 | NO_USER] Validation failure on /api/v1/auth/register: {password=Password must be at least 8 characters long}
]]></system-out>
  </testcase>
  <testcase name="register_blankUsername_returns400" classname="com.forgemind.modules.auth.controller.AuthControllerIntegrationTest" time="0.04">
    <system-out><![CDATA[2026-07-12 10:28:03.745 DEBUG 14848 --- [           main] org.hibernate.SQL                        : [NO_REQ_ID | NO_USER] 
    select
        u1_0.id,
        u1_0.created_at,
        u1_0.email,
        u1_0.enabled,
        u1_0.first_name,
        u1_0.last_name,
        u1_0.password_hash,
        u1_0.updated_at,
        u1_0.username 
    from
        public.users u1_0
2026-07-12 10:28:03.749 DEBUG 14848 --- [           main] org.hibernate.SQL                        : [NO_REQ_ID | NO_USER] 
    select
        r1_0.id,
        r1_0.created_at,
        r1_0.description,
        r1_0.name 
    from
        public.roles r1_0
2026-07-12 10:28:03.752 DEBUG 14848 --- [           main] org.hibernate.SQL                        : [NO_REQ_ID | NO_USER] 
    insert 
    into
        public.roles
        (created_at, description, name, id) 
    values
        (?, ?, ?, default)
2026-07-12 10:28:03.763  WARN 14848 --- [           main] c.f.c.exception.GlobalExceptionHandler   : [ae6247b6-ef7a-41bc-a39b-0d7a9fe6f289 | NO_USER] Validation failure on /api/v1/auth/register: {username=Username is required}
]]></system-out>
  </testcase>
  <testcase name="register_success_returns201" classname="com.forgemind.modules.auth.controller.AuthControllerIntegrationTest" time="0.973">
    <system-out><![CDATA[2026-07-12 10:28:03.790 DEBUG 14848 --- [           main] org.hibernate.SQL                        : [NO_REQ_ID | NO_USER] 
    select
        u1_0.id,
        u1_0.created_at,
        u1_0.email,
        u1_0.enabled,
        u1_0.first_name,
        u1_0.last_name,
        u1_0.password_hash,
        u1_0.updated_at,
        u1_0.username 
    from
        public.users u1_0
2026-07-12 10:28:03.793 DEBUG 14848 --- [           main] org.hibernate.SQL                        : [NO_REQ_ID | NO_USER] 
    select
        r1_0.id,
        r1_0.created_at,
        r1_0.description,
        r1_0.name 
    from
        public.roles r1_0
2026-07-12 10:28:03.796 DEBUG 14848 --- [           main] org.hibernate.SQL                        : [NO_REQ_ID | NO_USER] 
    insert 
    into
        public.roles
        (created_at, description, name, id) 
    values
        (?, ?, ?, default)
2026-07-12 10:28:03.807 DEBUG 14848 --- [           main] c.f.modules.auth.service.AuthService     : [6cee467f-d2d1-4805-9624-56d41d9eb2b5 | NO_USER] Attempting to register new user: alicesmith
2026-07-12 10:28:03.874 DEBUG 14848 --- [           main] org.hibernate.SQL                        : [6cee467f-d2d1-4805-9624-56d41d9eb2b5 | NO_USER] 
    select
        u1_0.id 
    from
        public.users u1_0 
    where
        u1_0.username=? 
    fetch
        first ? rows only
2026-07-12 10:28:03.883 DEBUG 14848 --- [           main] org.hibernate.SQL                        : [6cee467f-d2d1-4805-9624-56d41d9eb2b5 | NO_USER] 
    select
        u1_0.id 
    from
        public.users u1_0 
    where
        u1_0.email=? 
    fetch
        first ? rows only
2026-07-12 10:28:03.890 DEBUG 14848 --- [           main] org.hibernate.SQL                        : [6cee467f-d2d1-4805-9624-56d41d9eb2b5 | NO_USER] 
    select
        r1_0.id,
        r1_0.created_at,
        r1_0.description,
        r1_0.name 
    from
        public.roles r1_0 
    where
        r1_0.name=?
2026-07-12 10:28:04.711 DEBUG 14848 --- [           main] org.hibernate.SQL                        : [6cee467f-d2d1-4805-9624-56d41d9eb2b5 | NO_USER] 
    insert 
    into
        public.users
        (created_at, email, enabled, first_name, last_name, password_hash, updated_at, username, id) 
    values
        (?, ?, ?, ?, ?, ?, ?, ?, default)
2026-07-12 10:28:04.716  INFO 14848 --- [           main] c.f.modules.auth.service.AuthService     : [6cee467f-d2d1-4805-9624-56d41d9eb2b5 | NO_USER] Successfully registered user: alicesmith with ID: 1
]]></system-out>
  </testcase>
  <testcase name="register_emailStoredLowercase" classname="com.forgemind.modules.auth.controller.AuthControllerIntegrationTest" time="0.722">
    <system-out><![CDATA[2026-07-12 10:28:04.765 DEBUG 14848 --- [           main] org.hibernate.SQL                        : [NO_REQ_ID | NO_USER] 
    select
        u1_0.id,
        u1_0.created_at,
        u1_0.email,
        u1_0.enabled,
        u1_0.first_name,
        u1_0.last_name,
        u1_0.password_hash,
        u1_0.updated_at,
        u1_0.username 
    from
        public.users u1_0
2026-07-12 10:28:04.767 DEBUG 14848 --- [           main] org.hibernate.SQL                        : [NO_REQ_ID | NO_USER] 
    select
        r1_0.id,
        r1_0.created_at,
        r1_0.description,
        r1_0.name 
    from
        public.roles r1_0
2026-07-12 10:28:04.771 DEBUG 14848 --- [           main] org.hibernate.SQL                        : [NO_REQ_ID | NO_USER] 
    insert 
    into
        public.roles
        (created_at, description, name, id) 
    values
        (?, ?, ?, default)
2026-07-12 10:28:04.779 DEBUG 14848 --- [           main] c.f.modules.auth.service.AuthService     : [e01d807a-fdf6-456a-a59e-ed528c1aff8e | NO_USER] Attempting to register new user: bobjones
2026-07-12 10:28:04.783 DEBUG 14848 --- [           main] org.hibernate.SQL                        : [e01d807a-fdf6-456a-a59e-ed528c1aff8e | NO_USER] 
    select
        u1_0.id 
    from
        public.users u1_0 
    where
        u1_0.username=? 
    fetch
        first ? rows only
2026-07-12 10:28:04.787 DEBUG 14848 --- [           main] org.hibernate.SQL                        : [e01d807a-fdf6-456a-a59e-ed528c1aff8e | NO_USER] 
    select
        u1_0.id 
    from
        public.users u1_0 
    where
        u1_0.email=? 
    fetch
        first ? rows only
2026-07-12 10:28:04.790 DEBUG 14848 --- [           main] org.hibernate.SQL                        : [e01d807a-fdf6-456a-a59e-ed528c1aff8e | NO_USER] 
    select
        r1_0.id,
        r1_0.created_at,
        r1_0.description,
        r1_0.name 
    from
        public.roles r1_0 
    where
        r1_0.name=?
2026-07-12 10:28:05.467 DEBUG 14848 --- [           main] org.hibernate.SQL                        : [e01d807a-fdf6-456a-a59e-ed528c1aff8e | NO_USER] 
    insert 
    into
        public.users
        (created_at, email, enabled, first_name, last_name, password_hash, updated_at, username, id) 
    values
        (?, ?, ?, ?, ?, ?, ?, ?, default)
2026-07-12 10:28:05.469  INFO 14848 --- [           main] c.f.modules.auth.service.AuthService     : [e01d807a-fdf6-456a-a59e-ed528c1aff8e | NO_USER] Successfully registered user: bobjones with ID: 2
]]></system-out>
  </testcase>
  <testcase name="register_duplicateEmail_returns409" classname="com.forgemind.modules.auth.controller.AuthControllerIntegrationTest" time="0.631">
    <system-out><![CDATA[2026-07-12 10:28:05.490 DEBUG 14848 --- [           main] org.hibernate.SQL                        : [NO_REQ_ID | NO_USER] 
    select
        u1_0.id,
        u1_0.created_at,
        u1_0.email,
        u1_0.enabled,
        u1_0.first_name,
        u1_0.last_name,
        u1_0.password_hash,
        u1_0.updated_at,
        u1_0.username 
    from
        public.users u1_0
2026-07-12 10:28:05.492 DEBUG 14848 --- [           main] org.hibernate.SQL                        : [NO_REQ_ID | NO_USER] 
    select
        r1_0.id,
        r1_0.created_at,
        r1_0.description,
        r1_0.name 
    from
        public.roles r1_0
2026-07-12 10:28:05.495 DEBUG 14848 --- [           main] org.hibernate.SQL                        : [NO_REQ_ID | NO_USER] 
    insert 
    into
        public.roles
        (created_at, description, name, id) 
    values
        (?, ?, ?, default)
2026-07-12 10:28:05.503 DEBUG 14848 --- [           main] c.f.modules.auth.service.AuthService     : [0fdba3b9-31c4-4dea-8aac-933a394f5f94 | NO_USER] Attempting to register new user: davegreen
2026-07-12 10:28:05.504 DEBUG 14848 --- [           main] org.hibernate.SQL                        : [0fdba3b9-31c4-4dea-8aac-933a394f5f94 | NO_USER] 
    select
        u1_0.id 
    from
        public.users u1_0 
    where
        u1_0.username=? 
    fetch
        first ? rows only
2026-07-12 10:28:05.508 DEBUG 14848 --- [           main] org.hibernate.SQL                        : [0fdba3b9-31c4-4dea-8aac-933a394f5f94 | NO_USER] 
    select
        u1_0.id 
    from
        public.users u1_0 
    where
        u1_0.email=? 
    fetch
        first ? rows only
2026-07-12 10:28:05.510 DEBUG 14848 --- [           main] org.hibernate.SQL                        : [0fdba3b9-31c4-4dea-8aac-933a394f5f94 | NO_USER] 
    select
        r1_0.id,
        r1_0.created_at,
        r1_0.description,
        r1_0.name 
    from
        public.roles r1_0 
    where
        r1_0.name=?
2026-07-12 10:28:06.071 DEBUG 14848 --- [           main] org.hibernate.SQL                        : [0fdba3b9-31c4-4dea-8aac-933a394f5f94 | NO_USER] 
    insert 
    into
        public.users
        (created_at, email, enabled, first_name, last_name, password_hash, updated_at, username, id) 
    values
        (?, ?, ?, ?, ?, ?, ?, ?, default)
2026-07-12 10:28:06.073  INFO 14848 --- [           main] c.f.modules.auth.service.AuthService     : [0fdba3b9-31c4-4dea-8aac-933a394f5f94 | NO_USER] Successfully registered user: davegreen with ID: 3
2026-07-12 10:28:06.081 DEBUG 14848 --- [           main] c.f.modules.auth.service.AuthService     : [611fadbd-94c0-4b05-9679-e686cda0acf2 | NO_USER] Attempting to register new user: davegreen2
2026-07-12 10:28:06.099 DEBUG 14848 --- [           main] org.hibernate.SQL                        : [611fadbd-94c0-4b05-9679-e686cda0acf2 | NO_USER] 
    select
        u1_0.id 
    from
        public.users u1_0 
    where
        u1_0.username=? 
    fetch
        first ? rows only
2026-07-12 10:28:06.103 DEBUG 14848 --- [           main] org.hibernate.SQL                        : [611fadbd-94c0-4b05-9679-e686cda0acf2 | NO_USER] 
    select
        u1_0.id 
    from
        public.users u1_0 
    where
        u1_0.email=? 
    fetch
        first ? rows only
2026-07-12 10:28:06.105  WARN 14848 --- [           main] c.f.c.exception.GlobalExceptionHandler   : [611fadbd-94c0-4b05-9679-e686cda0acf2 | NO_USER] Domain exception on /api/v1/auth/register: EMAIL_EXISTS - Email is already taken
]]></system-out>
  </testcase>
  <testcase name="register_duplicateUsername_returns409" classname="com.forgemind.modules.auth.controller.AuthControllerIntegrationTest" time="0.604">
    <system-out><![CDATA[2026-07-12 10:28:06.128 DEBUG 14848 --- [           main] org.hibernate.SQL                        : [NO_REQ_ID | NO_USER] 
    select
        u1_0.id,
        u1_0.created_at,
        u1_0.email,
        u1_0.enabled,
        u1_0.first_name,
        u1_0.last_name,
        u1_0.password_hash,
        u1_0.updated_at,
        u1_0.username 
    from
        public.users u1_0
2026-07-12 10:28:06.131 DEBUG 14848 --- [           main] org.hibernate.SQL                        : [NO_REQ_ID | NO_USER] 
    select
        r1_0.id,
        r1_0.created_at,
        r1_0.description,
        r1_0.name 
    from
        public.roles r1_0
2026-07-12 10:28:06.132 DEBUG 14848 --- [           main] org.hibernate.SQL                        : [NO_REQ_ID | NO_USER] 
    insert 
    into
        public.roles
        (created_at, description, name, id) 
    values
        (?, ?, ?, default)
2026-07-12 10:28:06.141 DEBUG 14848 --- [           main] c.f.modules.auth.service.AuthService     : [4fa82ea1-53fb-4d09-a2c0-b2709e227f9b | NO_USER] Attempting to register new user: carolwhite
2026-07-12 10:28:06.143 DEBUG 14848 --- [           main] org.hibernate.SQL                        : [4fa82ea1-53fb-4d09-a2c0-b2709e227f9b | NO_USER] 
    select
        u1_0.id 
    from
        public.users u1_0 
    where
        u1_0.username=? 
    fetch
        first ? rows only
2026-07-12 10:28:06.146 DEBUG 14848 --- [           main] org.hibernate.SQL                        : [4fa82ea1-53fb-4d09-a2c0-b2709e227f9b | NO_USER] 
    select
        u1_0.id 
    from
        public.users u1_0 
    where
        u1_0.email=? 
    fetch
        first ? rows only
2026-07-12 10:28:06.150 DEBUG 14848 --- [           main] org.hibernate.SQL                        : [4fa82ea1-53fb-4d09-a2c0-b2709e227f9b | NO_USER] 
    select
        r1_0.id,
        r1_0.created_at,
        r1_0.description,
        r1_0.name 
    from
        public.roles r1_0 
    where
        r1_0.name=?
2026-07-12 10:28:06.697 DEBUG 14848 --- [           main] org.hibernate.SQL                        : [4fa82ea1-53fb-4d09-a2c0-b2709e227f9b | NO_USER] 
    insert 
    into
        public.users
        (created_at, email, enabled, first_name, last_name, password_hash, updated_at, username, id) 
    values
        (?, ?, ?, ?, ?, ?, ?, ?, default)
2026-07-12 10:28:06.702  INFO 14848 --- [           main] c.f.modules.auth.service.AuthService     : [4fa82ea1-53fb-4d09-a2c0-b2709e227f9b | NO_USER] Successfully registered user: carolwhite with ID: 4
2026-07-12 10:28:06.710 DEBUG 14848 --- [           main] c.f.modules.auth.service.AuthService     : [d37a06d3-4789-45ca-b027-3b1535cde536 | NO_USER] Attempting to register new user: carolwhite
2026-07-12 10:28:06.710 DEBUG 14848 --- [           main] org.hibernate.SQL                        : [d37a06d3-4789-45ca-b027-3b1535cde536 | NO_USER] 
    select
        u1_0.id 
    from
        public.users u1_0 
    where
        u1_0.username=? 
    fetch
        first ? rows only
2026-07-12 10:28:06.717  WARN 14848 --- [           main] c.f.c.exception.GlobalExceptionHandler   : [d37a06d3-4789-45ca-b027-3b1535cde536 | NO_USER] Domain exception on /api/v1/auth/register: USERNAME_EXISTS - Username is already taken
]]></system-out>
  </testcase>
  <testcase name="register_invalidEmail_returns400" classname="com.forgemind.modules.auth.controller.AuthControllerIntegrationTest" time="0.029">
    <system-out><![CDATA[2026-07-12 10:28:06.736 DEBUG 14848 --- [           main] org.hibernate.SQL                        : [NO_REQ_ID | NO_USER] 
    select
        u1_0.id,
        u1_0.created_at,
        u1_0.email,
        u1_0.enabled,
        u1_0.first_name,
        u1_0.last_name,
        u1_0.password_hash,
        u1_0.updated_at,
        u1_0.username 
    from
        public.users u1_0
2026-07-12 10:28:06.738 DEBUG 14848 --- [           main] org.hibernate.SQL                        : [NO_REQ_ID | NO_USER] 
    select
        r1_0.id,
        r1_0.created_at,
        r1_0.description,
        r1_0.name 
    from
        public.roles r1_0
2026-07-12 10:28:06.740 DEBUG 14848 --- [           main] org.hibernate.SQL                        : [NO_REQ_ID | NO_USER] 
    insert 
    into
        public.roles
        (created_at, description, name, id) 
    values
        (?, ?, ?, default)
2026-07-12 10:28:06.749  WARN 14848 --- [           main] c.f.c.exception.GlobalExceptionHandler   : [08364630-12a4-4ca3-8140-54891d8f1057 | NO_USER] Validation failure on /api/v1/auth/register: {email=Email should be valid}
]]></system-out>
  </testcase>
  <testcase name="register_blankFirstName_returns400" classname="com.forgemind.modules.auth.controller.AuthControllerIntegrationTest" time="0.027">
    <system-out><![CDATA[2026-07-12 10:28:06.768 DEBUG 14848 --- [           main] org.hibernate.SQL                        : [NO_REQ_ID | NO_USER] 
    select
        u1_0.id,
        u1_0.created_at,
        u1_0.email,
        u1_0.enabled,
        u1_0.first_name,
        u1_0.last_name,
        u1_0.password_hash,
        u1_0.updated_at,
        u1_0.username 
    from
        public.users u1_0
2026-07-12 10:28:06.771 DEBUG 14848 --- [           main] org.hibernate.SQL                        : [NO_REQ_ID | NO_USER] 
    select
        r1_0.id,
        r1_0.created_at,
        r1_0.description,
        r1_0.name 
    from
        public.roles r1_0
2026-07-12 10:28:06.771 DEBUG 14848 --- [           main] org.hibernate.SQL                        : [NO_REQ_ID | NO_USER] 
    insert 
    into
        public.roles
        (created_at, description, name, id) 
    values
        (?, ?, ?, default)
2026-07-12 10:28:06.780  WARN 14848 --- [           main] c.f.c.exception.GlobalExceptionHandler   : [c20e0620-0c78-4f8e-bce5-17af1e43a9a8 | NO_USER] Validation failure on /api/v1/auth/register: {firstName=First name is required}
]]></system-out>
  </testcase>
</testsuite>