<?xml version="1.0" encoding="UTF-8"?>
<testsuite xmlns:xsi="http://www.w3.org/2001/XMLSchema-instance" xsi:noNamespaceSchemaLocation="https://maven.apache.org/surefire/maven-surefire-plugin/xsd/surefire-test-report-3.0.xsd" version="3.0" name="com.forgemind.modules.auth.controller.AuthControllerLoginIntegrationTest" time="12.047" tests="12" errors="0" skipped="0" failures="0">
  <properties>
[...]
</properties>
  <testcase name="login_byEmailUppercase_returns200" classname="com.forgemind.modules.auth.controller.AuthControllerLoginIntegrationTest" time="1.753">
    <system-out><![CDATA[2026-06-29 19:19:12.342 DEBUG 19296 --- [           main] org.hibernate.SQL                        : 
    select
        rt1_0.id,
        rt1_0.created_at,
        rt1_0.expires_at,
        rt1_0.revoked,
        rt1_0.token_hash,
        rt1_0.user_id 
    from
        public.refresh_tokens rt1_0
2026-06-29 19:19:12.345 DEBUG 19296 --- [           main] org.hibernate.SQL                        : 
    select
        u1_0.id,
        u1_0.created_at,
        u1_0.email,
        u1_0.enabled,
        u1_0.first_name,
        u1_0.last_name,
        u1_0.password_hash,
        u1_0.updated_at,
        u1_0.username 
    from
        public.users u1_0
2026-06-29 19:19:12.348 DEBUG 19296 --- [           main] org.hibernate.SQL                        : 
    select
        r1_0.id,
        r1_0.created_at,
        r1_0.description,
        r1_0.name 
    from
        public.roles r1_0
2026-06-29 19:19:12.350 DEBUG 19296 --- [           main] org.hibernate.SQL                        : 
    insert 
    into
        public.roles
        (created_at, description, name, id) 
    values
        (?, ?, ?, default)
2026-06-29 19:19:12.358 DEBUG 19296 --- [           main] c.f.modules.auth.service.AuthService     : Attempting to register new user: alicesmith
2026-06-29 19:19:12.361 DEBUG 19296 --- [           main] org.hibernate.SQL                        : 
    select
        u1_0.id 
    from
        public.users u1_0 
    where
        u1_0.username=? 
    fetch
        first ? rows only
2026-06-29 19:19:12.364 DEBUG 19296 --- [           main] org.hibernate.SQL                        : 
    select
        u1_0.id 
    from
        public.users u1_0 
    where
        u1_0.email=? 
    fetch
        first ? rows only
2026-06-29 19:19:12.368 DEBUG 19296 --- [           main] org.hibernate.SQL                        : 
    select
        r1_0.id,
        r1_0.created_at,
        r1_0.description,
        r1_0.name 
    from
        public.roles r1_0 
    where
        r1_0.name=?
2026-06-29 19:19:12.872 DEBUG 19296 --- [           main] org.hibernate.SQL                        : 
    insert 
    into
        public.users
        (created_at, email, enabled, first_name, last_name, password_hash, updated_at, username, id) 
    values
        (?, ?, ?, ?, ?, ?, ?, ?, default)
2026-06-29 19:19:12.874  INFO 19296 --- [           main] c.f.modules.auth.service.AuthService     : Successfully registered user: alicesmith with ID: 5
2026-06-29 19:19:12.888 DEBUG 19296 --- [           main] org.hibernate.SQL                        : 
    select
        u1_0.id,
        u1_0.created_at,
        u1_0.email,
        u1_0.enabled,
        u1_0.first_name,
        u1_0.last_name,
        u1_0.password_hash,
        u1_0.updated_at,
        u1_0.username 
    from
        public.users u1_0 
    where
        u1_0.username=?
2026-06-29 19:19:12.893 DEBUG 19296 --- [           main] org.hibernate.SQL                        : 
    select
        u1_0.id,
        u1_0.created_at,
        u1_0.email,
        u1_0.enabled,
        u1_0.first_name,
        u1_0.last_name,
        u1_0.password_hash,
        u1_0.updated_at,
        u1_0.username 
    from
        public.users u1_0 
    where
        u1_0.email=?
2026-06-29 19:19:13.414 DEBUG 19296 --- [           main] org.hibernate.SQL                        : 
    select
        u1_0.id,
        u1_0.created_at,
        u1_0.email,
        u1_0.enabled,
        u1_0.first_name,
        u1_0.last_name,
        u1_0.password_hash,
        u1_0.updated_at,
        u1_0.username 
    from
        public.users u1_0 
    where
        u1_0.username=?
2026-06-29 19:19:14.072 DEBUG 19296 --- [           main] org.hibernate.SQL                        : 
    delete 
    from
        public.refresh_tokens rt1_0 
    where
        rt1_0.expires_at<?
2026-06-29 19:19:14.076 DEBUG 19296 --- [           main] org.hibernate.SQL                        : 
    insert 
    into
        public.refresh_tokens
        (created_at, expires_at, revoked, token_hash, user_id, id) 
    values
        (?, ?, ?, ?, ?, default)
2026-06-29 19:19:14.079  INFO 19296 --- [           main] c.f.modules.auth.service.AuthService     : User 'alicesmith' (ID: 5) logged in successfully
]]></system-out>
  </testcase>
  <testcase name="login_accessTokenIsJwt" classname="com.forgemind.modules.auth.controller.AuthControllerLoginIntegrationTest" time="1.158">
    <system-out><![CDATA[2026-06-29 19:19:14.096 DEBUG 19296 --- [           main] org.hibernate.SQL                        : 
    select
        rt1_0.id,
        rt1_0.created_at,
        rt1_0.expires_at,
        rt1_0.revoked,
        rt1_0.token_hash,
        rt1_0.user_id 
    from
        public.refresh_tokens rt1_0
2026-06-29 19:19:14.098 DEBUG 19296 --- [           main] org.hibernate.SQL                        : 
    select
        u1_0.id,
        u1_0.created_at,
        u1_0.email,
        u1_0.enabled,
        u1_0.first_name,
        u1_0.last_name,
        u1_0.password_hash,
        u1_0.updated_at,
        u1_0.username 
    from
        public.users u1_0
2026-06-29 19:19:14.101 DEBUG 19296 --- [           main] org.hibernate.SQL                        : 
    select
        r1_0.id,
        r1_0.created_at,
        r1_0.description,
        r1_0.name 
    from
        public.roles r1_0
2026-06-29 19:19:14.102 DEBUG 19296 --- [           main] org.hibernate.SQL                        : 
    insert 
    into
        public.roles
        (created_at, description, name, id) 
    values
        (?, ?, ?, default)
2026-06-29 19:19:14.107 DEBUG 19296 --- [           main] c.f.modules.auth.service.AuthService     : Attempting to register new user: alicesmith
2026-06-29 19:19:14.109 DEBUG 19296 --- [           main] org.hibernate.SQL                        : 
    select
        u1_0.id 
    from
        public.users u1_0 
    where
        u1_0.username=? 
    fetch
        first ? rows only
2026-06-29 19:19:14.112 DEBUG 19296 --- [           main] org.hibernate.SQL                        : 
    select
        u1_0.id 
    from
        public.users u1_0 
    where
        u1_0.email=? 
    fetch
        first ? rows only
2026-06-29 19:19:14.116 DEBUG 19296 --- [           main] org.hibernate.SQL                        : 
    select
        r1_0.id,
        r1_0.created_at,
        r1_0.description,
        r1_0.name 
    from
        public.roles r1_0 
    where
        r1_0.name=?
2026-06-29 19:19:14.620 DEBUG 19296 --- [           main] org.hibernate.SQL                        : 
    insert 
    into
        public.users
        (created_at, email, enabled, first_name, last_name, password_hash, updated_at, username, id) 
    values
        (?, ?, ?, ?, ?, ?, ?, ?, default)
2026-06-29 19:19:14.622  INFO 19296 --- [           main] c.f.modules.auth.service.AuthService     : Successfully registered user: alicesmith with ID: 6
2026-06-29 19:19:14.630 DEBUG 19296 --- [           main] org.hibernate.SQL                        : 
    select
        u1_0.id,
        u1_0.created_at,
        u1_0.email,
        u1_0.enabled,
        u1_0.first_name,
        u1_0.last_name,
        u1_0.password_hash,
        u1_0.updated_at,
        u1_0.username 
    from
        public.users u1_0 
    where
        u1_0.username=?
2026-06-29 19:19:14.633 DEBUG 19296 --- [           main] org.hibernate.SQL                        : 
    select
        u1_0.id,
        u1_0.created_at,
        u1_0.email,
        u1_0.enabled,
        u1_0.first_name,
        u1_0.last_name,
        u1_0.password_hash,
        u1_0.updated_at,
        u1_0.username 
    from
        public.users u1_0 
    where
        u1_0.username=?
2026-06-29 19:19:15.139 DEBUG 19296 --- [           main] org.hibernate.SQL                        : 
    delete 
    from
        public.refresh_tokens rt1_0 
    where
        rt1_0.expires_at<?
2026-06-29 19:19:15.141 DEBUG 19296 --- [           main] org.hibernate.SQL                        : 
    insert 
    into
        public.refresh_tokens
        (created_at, expires_at, revoked, token_hash, user_id, id) 
    values
        (?, ?, ?, ?, ?, default)
2026-06-29 19:19:15.143  INFO 19296 --- [           main] c.f.modules.auth.service.AuthService     : User 'alicesmith' (ID: 6) logged in successfully
]]></system-out>
  </testcase>
  <testcase name="login_byUsername_returns200WithTokens" classname="com.forgemind.modules.auth.controller.AuthControllerLoginIntegrationTest" time="1.056">
    <system-out><![CDATA[2026-06-29 19:19:15.256 DEBUG 19296 --- [           main] org.hibernate.SQL                        : 
    select
        rt1_0.id,
        rt1_0.created_at,
        rt1_0.expires_at,
        rt1_0.revoked,
        rt1_0.token_hash,
        rt1_0.user_id 
    from
        public.refresh_tokens rt1_0
2026-06-29 19:19:15.259 DEBUG 19296 --- [           main] org.hibernate.SQL                        : 
    select
        u1_0.id,
        u1_0.created_at,
        u1_0.email,
        u1_0.enabled,
        u1_0.first_name,
        u1_0.last_name,
        u1_0.password_hash,
        u1_0.updated_at,
        u1_0.username 
    from
        public.users u1_0
2026-06-29 19:19:15.261 DEBUG 19296 --- [           main] org.hibernate.SQL                        : 
    select
        r1_0.id,
        r1_0.created_at,
        r1_0.description,
        r1_0.name 
    from
        public.roles r1_0
2026-06-29 19:19:15.262 DEBUG 19296 --- [           main] org.hibernate.SQL                        : 
    insert 
    into
        public.roles
        (created_at, description, name, id) 
    values
        (?, ?, ?, default)
2026-06-29 19:19:15.267 DEBUG 19296 --- [           main] c.f.modules.auth.service.AuthService     : Attempting to register new user: alicesmith
2026-06-29 19:19:15.269 DEBUG 19296 --- [           main] org.hibernate.SQL                        : 
    select
        u1_0.id 
    from
        public.users u1_0 
    where
        u1_0.username=? 
    fetch
        first ? rows only
2026-06-29 19:19:15.271 DEBUG 19296 --- [           main] org.hibernate.SQL                        : 
    select
        u1_0.id 
    from
        public.users u1_0 
    where
        u1_0.email=? 
    fetch
        first ? rows only
2026-06-29 19:19:15.274 DEBUG 19296 --- [           main] org.hibernate.SQL                        : 
    select
        r1_0.id,
        r1_0.created_at,
        r1_0.description,
        r1_0.name 
    from
        public.roles r1_0 
    where
        r1_0.name=?
2026-06-29 19:19:15.775 DEBUG 19296 --- [           main] org.hibernate.SQL                        : 
    insert 
    into
        public.users
        (created_at, email, enabled, first_name, last_name, password_hash, updated_at, username, id) 
    values
        (?, ?, ?, ?, ?, ?, ?, ?, default)
2026-06-29 19:19:15.775  INFO 19296 --- [           main] c.f.modules.auth.service.AuthService     : Successfully registered user: alicesmith with ID: 7
2026-06-29 19:19:15.775 DEBUG 19296 --- [           main] org.hibernate.SQL                        : 
    select
        u1_0.id,
        u1_0.created_at,
        u1_0.email,
        u1_0.enabled,
        u1_0.first_name,
        u1_0.last_name,
        u1_0.password_hash,
        u1_0.updated_at,
        u1_0.username 
    from
        public.users u1_0 
    where
        u1_0.username=?
2026-06-29 19:19:15.775 DEBUG 19296 --- [           main] org.hibernate.SQL                        : 
    select
        u1_0.id,
        u1_0.created_at,
        u1_0.email,
        u1_0.enabled,
        u1_0.first_name,
        u1_0.last_name,
        u1_0.password_hash,
        u1_0.updated_at,
        u1_0.username 
    from
        public.users u1_0 
    where
        u1_0.username=?
2026-06-29 19:19:16.295 DEBUG 19296 --- [           main] org.hibernate.SQL                        : 
    delete 
    from
        public.refresh_tokens rt1_0 
    where
        rt1_0.expires_at<?
2026-06-29 19:19:16.299 DEBUG 19296 --- [           main] org.hibernate.SQL                        : 
    insert 
    into
        public.refresh_tokens
        (created_at, expires_at, revoked, token_hash, user_id, id) 
    values
        (?, ?, ?, ?, ?, default)
2026-06-29 19:19:16.299  INFO 19296 --- [           main] c.f.modules.auth.service.AuthService     : User 'alicesmith' (ID: 7) logged in successfully
]]></system-out>
  </testcase>
  <testcase name="login_blankIdentifier_returns400" classname="com.forgemind.modules.auth.controller.AuthControllerLoginIntegrationTest" time="0.542">
    <system-out><![CDATA[2026-06-29 19:19:16.315 DEBUG 19296 --- [           main] org.hibernate.SQL                        : 
    select
        rt1_0.id,
        rt1_0.created_at,
        rt1_0.expires_at,
        rt1_0.revoked,
        rt1_0.token_hash,
        rt1_0.user_id 
    from
        public.refresh_tokens rt1_0
2026-06-29 19:19:16.317 DEBUG 19296 --- [           main] org.hibernate.SQL                        : 
    select
        u1_0.id,
        u1_0.created_at,
        u1_0.email,
        u1_0.enabled,
        u1_0.first_name,
        u1_0.last_name,
        u1_0.password_hash,
        u1_0.updated_at,
        u1_0.username 
    from
        public.users u1_0
2026-06-29 19:19:16.319 DEBUG 19296 --- [           main] org.hibernate.SQL                        : 
    select
        r1_0.id,
        r1_0.created_at,
        r1_0.description,
        r1_0.name 
    from
        public.roles r1_0
2026-06-29 19:19:16.320 DEBUG 19296 --- [           main] org.hibernate.SQL                        : 
    insert 
    into
        public.roles
        (created_at, description, name, id) 
    values
        (?, ?, ?, default)
2026-06-29 19:19:16.323 DEBUG 19296 --- [           main] c.f.modules.auth.service.AuthService     : Attempting to register new user: alicesmith
2026-06-29 19:19:16.325 DEBUG 19296 --- [           main] org.hibernate.SQL                        : 
    select
        u1_0.id 
    from
        public.users u1_0 
    where
        u1_0.username=? 
    fetch
        first ? rows only
2026-06-29 19:19:16.328 DEBUG 19296 --- [           main] org.hibernate.SQL                        : 
    select
        u1_0.id 
    from
        public.users u1_0 
    where
        u1_0.email=? 
    fetch
        first ? rows only
2026-06-29 19:19:16.331 DEBUG 19296 --- [           main] org.hibernate.SQL                        : 
    select
        r1_0.id,
        r1_0.created_at,
        r1_0.description,
        r1_0.name 
    from
        public.roles r1_0 
    where
        r1_0.name=?
2026-06-29 19:19:16.838 DEBUG 19296 --- [           main] org.hibernate.SQL                        : 
    insert 
    into
        public.users
        (created_at, email, enabled, first_name, last_name, password_hash, updated_at, username, id) 
    values
        (?, ?, ?, ?, ?, ?, ?, ?, default)
2026-06-29 19:19:16.840  INFO 19296 --- [           main] c.f.modules.auth.service.AuthService     : Successfully registered user: alicesmith with ID: 8
2026-06-29 19:19:16.846  WARN 19296 --- [           main] c.f.c.exception.GlobalExceptionHandler   : Validation failure on /api/v1/auth/login: {usernameOrEmail=Username or email is required}
]]></system-out>
  </testcase>
  <testcase name="login_refreshTokenIsPersistedInDb" classname="com.forgemind.modules.auth.controller.AuthControllerLoginIntegrationTest" time="1.127">
    <system-out><![CDATA[2026-06-29 19:19:16.857 DEBUG 19296 --- [           main] org.hibernate.SQL                        : 
    select
        rt1_0.id,
        rt1_0.created_at,
        rt1_0.expires_at,
        rt1_0.revoked,
        rt1_0.token_hash,
        rt1_0.user_id 
    from
        public.refresh_tokens rt1_0
2026-06-29 19:19:16.860 DEBUG 19296 --- [           main] org.hibernate.SQL                        : 
    select
        u1_0.id,
        u1_0.created_at,
        u1_0.email,
        u1_0.enabled,
        u1_0.first_name,
        u1_0.last_name,
        u1_0.password_hash,
        u1_0.updated_at,
        u1_0.username 
    from
        public.users u1_0
2026-06-29 19:19:16.862 DEBUG 19296 --- [           main] org.hibernate.SQL                        : 
    select
        r1_0.id,
        r1_0.created_at,
        r1_0.description,
        r1_0.name 
    from
        public.roles r1_0
2026-06-29 19:19:16.863 DEBUG 19296 --- [           main] org.hibernate.SQL                        : 
    insert 
    into
        public.roles
        (created_at, description, name, id) 
    values
        (?, ?, ?, default)
2026-06-29 19:19:16.868 DEBUG 19296 --- [           main] c.f.modules.auth.service.AuthService     : Attempting to register new user: alicesmith
2026-06-29 19:19:16.870 DEBUG 19296 --- [           main] org.hibernate.SQL                        : 
    select
        u1_0.id 
    from
        public.users u1_0 
    where
        u1_0.username=? 
    fetch
        first ? rows only
2026-06-29 19:19:16.873 DEBUG 19296 --- [           main] org.hibernate.SQL                        : 
    select
        u1_0.id 
    from
        public.users u1_0 
    where
        u1_0.email=? 
    fetch
        first ? rows only
2026-06-29 19:19:16.875 DEBUG 19296 --- [           main] org.hibernate.SQL                        : 
    select
        r1_0.id,
        r1_0.created_at,
        r1_0.description,
        r1_0.name 
    from
        public.roles r1_0 
    where
        r1_0.name=?
2026-06-29 19:19:17.377 DEBUG 19296 --- [           main] org.hibernate.SQL                        : 
    insert 
    into
        public.users
        (created_at, email, enabled, first_name, last_name, password_hash, updated_at, username, id) 
    values
        (?, ?, ?, ?, ?, ?, ?, ?, default)
2026-06-29 19:19:17.378  INFO 19296 --- [           main] c.f.modules.auth.service.AuthService     : Successfully registered user: alicesmith with ID: 9
2026-06-29 19:19:17.386 DEBUG 19296 --- [           main] org.hibernate.SQL                        : 
    select
        u1_0.id,
        u1_0.created_at,
        u1_0.email,
        u1_0.enabled,
        u1_0.first_name,
        u1_0.last_name,
        u1_0.password_hash,
        u1_0.updated_at,
        u1_0.username 
    from
        public.users u1_0 
    where
        u1_0.username=?
2026-06-29 19:19:17.389 DEBUG 19296 --- [           main] org.hibernate.SQL                        : 
    select
        u1_0.id,
        u1_0.created_at,
        u1_0.email,
        u1_0.enabled,
        u1_0.first_name,
        u1_0.last_name,
        u1_0.password_hash,
        u1_0.updated_at,
        u1_0.username 
    from
        public.users u1_0 
    where
        u1_0.username=?
2026-06-29 19:19:17.897 DEBUG 19296 --- [           main] org.hibernate.SQL                        : 
    delete 
    from
        public.refresh_tokens rt1_0 
    where
        rt1_0.expires_at<?
2026-06-29 19:19:17.899 DEBUG 19296 --- [           main] org.hibernate.SQL                        : 
    insert 
    into
        public.refresh_tokens
        (created_at, expires_at, revoked, token_hash, user_id, id) 
    values
        (?, ?, ?, ?, ?, default)
2026-06-29 19:19:17.900  INFO 19296 --- [           main] c.f.modules.auth.service.AuthService     : User 'alicesmith' (ID: 9) logged in successfully
2026-06-29 19:19:17.959 DEBUG 19296 --- [           main] org.hibernate.SQL                        : 
    select
        count(*) 
    from
        public.refresh_tokens rt1_0
2026-06-29 19:19:17.971 DEBUG 19296 --- [           main] org.hibernate.SQL                        : 
    select
        rt1_0.id,
        rt1_0.created_at,
        rt1_0.expires_at,
        rt1_0.revoked,
        rt1_0.token_hash,
        rt1_0.user_id 
    from
        public.refresh_tokens rt1_0
]]></system-out>
  </testcase>
  <testcase name="login_unknownEmail_returns401" classname="com.forgemind.modules.auth.controller.AuthControllerLoginIntegrationTest" time="0.565">
    <system-out><![CDATA[2026-06-29 19:19:17.987 DEBUG 19296 --- [           main] org.hibernate.SQL                        : 
    select
        rt1_0.id,
        rt1_0.created_at,
        rt1_0.expires_at,
        rt1_0.revoked,
        rt1_0.token_hash,
        rt1_0.user_id 
    from
        public.refresh_tokens rt1_0
2026-06-29 19:19:17.990 DEBUG 19296 --- [           main] org.hibernate.SQL                        : 
    select
        u1_0.id,
        u1_0.created_at,
        u1_0.email,
        u1_0.enabled,
        u1_0.first_name,
        u1_0.last_name,
        u1_0.password_hash,
        u1_0.updated_at,
        u1_0.username 
    from
        public.users u1_0
2026-06-29 19:19:17.992 DEBUG 19296 --- [           main] org.hibernate.SQL                        : 
    select
        r1_0.id,
        r1_0.created_at,
        r1_0.description,
        r1_0.name 
    from
        public.roles r1_0
2026-06-29 19:19:17.993 DEBUG 19296 --- [           main] org.hibernate.SQL                        : 
    insert 
    into
        public.roles
        (created_at, description, name, id) 
    values
        (?, ?, ?, default)
2026-06-29 19:19:17.999 DEBUG 19296 --- [           main] c.f.modules.auth.service.AuthService     : Attempting to register new user: alicesmith
2026-06-29 19:19:18.001 DEBUG 19296 --- [           main] org.hibernate.SQL                        : 
    select
        u1_0.id 
    from
        public.users u1_0 
    where
        u1_0.username=? 
    fetch
        first ? rows only
2026-06-29 19:19:18.004 DEBUG 19296 --- [           main] org.hibernate.SQL                        : 
    select
        u1_0.id 
    from
        public.users u1_0 
    where
        u1_0.email=? 
    fetch
        first ? rows only
2026-06-29 19:19:18.008 DEBUG 19296 --- [           main] org.hibernate.SQL                        : 
    select
        r1_0.id,
        r1_0.created_at,
        r1_0.description,
        r1_0.name 
    from
        public.roles r1_0 
    where
        r1_0.name=?
2026-06-29 19:19:18.523 DEBUG 19296 --- [           main] org.hibernate.SQL                        : 
    insert 
    into
        public.users
        (created_at, email, enabled, first_name, last_name, password_hash, updated_at, username, id) 
    values
        (?, ?, ?, ?, ?, ?, ?, ?, default)
2026-06-29 19:19:18.525  INFO 19296 --- [           main] c.f.modules.auth.service.AuthService     : Successfully registered user: alicesmith with ID: 10
2026-06-29 19:19:18.534 DEBUG 19296 --- [           main] org.hibernate.SQL                        : 
    select
        u1_0.id,
        u1_0.created_at,
        u1_0.email,
        u1_0.enabled,
        u1_0.first_name,
        u1_0.last_name,
        u1_0.password_hash,
        u1_0.updated_at,
        u1_0.username 
    from
        public.users u1_0 
    where
        u1_0.username=?
2026-06-29 19:19:18.538 DEBUG 19296 --- [           main] org.hibernate.SQL                        : 
    select
        u1_0.id,
        u1_0.created_at,
        u1_0.email,
        u1_0.enabled,
        u1_0.first_name,
        u1_0.last_name,
        u1_0.password_hash,
        u1_0.updated_at,
        u1_0.username 
    from
        public.users u1_0 
    where
        u1_0.email=?
2026-06-29 19:19:18.540  WARN 19296 --- [           main] c.f.c.exception.GlobalExceptionHandler   : Domain exception on /api/v1/auth/login: INVALID_CREDENTIALS - Invalid username/email or password
]]></system-out>
  </testcase>
  <testcase name="login_errorMessageIsOpaque" classname="com.forgemind.modules.auth.controller.AuthControllerLoginIntegrationTest" time="1.082">
    <system-out><![CDATA[2026-06-29 19:19:18.557 DEBUG 19296 --- [           main] org.hibernate.SQL                        : 
    select
        rt1_0.id,
        rt1_0.created_at,
        rt1_0.expires_at,
        rt1_0.revoked,
        rt1_0.token_hash,
        rt1_0.user_id 
    from
        public.refresh_tokens rt1_0
2026-06-29 19:19:18.560 DEBUG 19296 --- [           main] org.hibernate.SQL                        : 
    select
        u1_0.id,
        u1_0.created_at,
        u1_0.email,
        u1_0.enabled,
        u1_0.first_name,
        u1_0.last_name,
        u1_0.password_hash,
        u1_0.updated_at,
        u1_0.username 
    from
        public.users u1_0
2026-06-29 19:19:18.562 DEBUG 19296 --- [           main] org.hibernate.SQL                        : 
    select
        r1_0.id,
        r1_0.created_at,
        r1_0.description,
        r1_0.name 
    from
        public.roles r1_0
2026-06-29 19:19:18.563 DEBUG 19296 --- [           main] org.hibernate.SQL                        : 
    insert 
    into
        public.roles
        (created_at, description, name, id) 
    values
        (?, ?, ?, default)
2026-06-29 19:19:18.569 DEBUG 19296 --- [           main] c.f.modules.auth.service.AuthService     : Attempting to register new user: alicesmith
2026-06-29 19:19:18.572 DEBUG 19296 --- [           main] org.hibernate.SQL                        : 
    select
        u1_0.id 
    from
        public.users u1_0 
    where
        u1_0.username=? 
    fetch
        first ? rows only
2026-06-29 19:19:18.575 DEBUG 19296 --- [           main] org.hibernate.SQL                        : 
    select
        u1_0.id 
    from
        public.users u1_0 
    where
        u1_0.email=? 
    fetch
        first ? rows only
2026-06-29 19:19:18.579 DEBUG 19296 --- [           main] org.hibernate.SQL                        : 
    select
        r1_0.id,
        r1_0.created_at,
        r1_0.description,
        r1_0.name 
    from
        public.roles r1_0 
    where
        r1_0.name=?
2026-06-29 19:19:19.095 DEBUG 19296 --- [           main] org.hibernate.SQL                        : 
    insert 
    into
        public.users
        (created_at, email, enabled, first_name, last_name, password_hash, updated_at, username, id) 
    values
        (?, ?, ?, ?, ?, ?, ?, ?, default)
2026-06-29 19:19:19.096  INFO 19296 --- [           main] c.f.modules.auth.service.AuthService     : Successfully registered user: alicesmith with ID: 11
2026-06-29 19:19:19.104 DEBUG 19296 --- [           main] org.hibernate.SQL                        : 
    select
        u1_0.id,
        u1_0.created_at,
        u1_0.email,
        u1_0.enabled,
        u1_0.first_name,
        u1_0.last_name,
        u1_0.password_hash,
        u1_0.updated_at,
        u1_0.username 
    from
        public.users u1_0 
    where
        u1_0.username=?
2026-06-29 19:19:19.107 DEBUG 19296 --- [           main] org.hibernate.SQL                        : 
    select
        u1_0.id,
        u1_0.created_at,
        u1_0.email,
        u1_0.enabled,
        u1_0.first_name,
        u1_0.last_name,
        u1_0.password_hash,
        u1_0.updated_at,
        u1_0.username 
    from
        public.users u1_0 
    where
        u1_0.username=?
2026-06-29 19:19:19.612 DEBUG 19296 --- [           main] c.f.modules.auth.service.AuthService     : Authentication failure for identifier 'alicesmith': BadCredentialsException
2026-06-29 19:19:19.612  WARN 19296 --- [           main] c.f.c.exception.GlobalExceptionHandler   : Domain exception on /api/v1/auth/login: INVALID_CREDENTIALS - Invalid username/email or password
2026-06-29 19:19:19.619 DEBUG 19296 --- [           main] org.hibernate.SQL                        : 
    select
        u1_0.id,
        u1_0.created_at,
        u1_0.email,
        u1_0.enabled,
        u1_0.first_name,
        u1_0.last_name,
        u1_0.password_hash,
        u1_0.updated_at,
        u1_0.username 
    from
        public.users u1_0 
    where
        u1_0.username=?
2026-06-29 19:19:19.621 DEBUG 19296 --- [           main] org.hibernate.SQL                        : 
    select
        u1_0.id,
        u1_0.created_at,
        u1_0.email,
        u1_0.enabled,
        u1_0.first_name,
        u1_0.last_name,
        u1_0.password_hash,
        u1_0.updated_at,
        u1_0.username 
    from
        public.users u1_0 
    where
        u1_0.email=?
2026-06-29 19:19:19.623  WARN 19296 --- [           main] c.f.c.exception.GlobalExceptionHandler   : Domain exception on /api/v1/auth/login: INVALID_CREDENTIALS - Invalid username/email or password
]]></system-out>
  </testcase>
  <testcase name="login_blankPassword_returns400" classname="com.forgemind.modules.auth.controller.AuthControllerLoginIntegrationTest" time="0.601">
    <system-out><![CDATA[2026-06-29 19:19:19.640 DEBUG 19296 --- [           main] org.hibernate.SQL                        : 
    select
        rt1_0.id,
        rt1_0.created_at,
        rt1_0.expires_at,
        rt1_0.revoked,
        rt1_0.token_hash,
        rt1_0.user_id 
    from
        public.refresh_tokens rt1_0
2026-06-29 19:19:19.642 DEBUG 19296 --- [           main] org.hibernate.SQL                        : 
    select
        u1_0.id,
        u1_0.created_at,
        u1_0.email,
        u1_0.enabled,
        u1_0.first_name,
        u1_0.last_name,
        u1_0.password_hash,
        u1_0.updated_at,
        u1_0.username 
    from
        public.users u1_0
2026-06-29 19:19:19.643 DEBUG 19296 --- [           main] org.hibernate.SQL                        : 
    select
        r1_0.id,
        r1_0.created_at,
        r1_0.description,
        r1_0.name 
    from
        public.roles r1_0
2026-06-29 19:19:19.644 DEBUG 19296 --- [           main] org.hibernate.SQL                        : 
    insert 
    into
        public.roles
        (created_at, description, name, id) 
    values
        (?, ?, ?, default)
2026-06-29 19:19:19.649 DEBUG 19296 --- [           main] c.f.modules.auth.service.AuthService     : Attempting to register new user: alicesmith
2026-06-29 19:19:19.652 DEBUG 19296 --- [           main] org.hibernate.SQL                        : 
    select
        u1_0.id 
    from
        public.users u1_0 
    where
        u1_0.username=? 
    fetch
        first ? rows only
2026-06-29 19:19:19.654 DEBUG 19296 --- [           main] org.hibernate.SQL                        : 
    select
        u1_0.id 
    from
        public.users u1_0 
    where
        u1_0.email=? 
    fetch
        first ? rows only
2026-06-29 19:19:19.657 DEBUG 19296 --- [           main] org.hibernate.SQL                        : 
    select
        r1_0.id,
        r1_0.created_at,
        r1_0.description,
        r1_0.name 
    from
        public.roles r1_0 
    where
        r1_0.name=?
2026-06-29 19:19:20.219 DEBUG 19296 --- [           main] org.hibernate.SQL                        : 
    insert 
    into
        public.users
        (created_at, email, enabled, first_name, last_name, password_hash, updated_at, username, id) 
    values
        (?, ?, ?, ?, ?, ?, ?, ?, default)
2026-06-29 19:19:20.221  INFO 19296 --- [           main] c.f.modules.auth.service.AuthService     : Successfully registered user: alicesmith with ID: 12
2026-06-29 19:19:20.229  WARN 19296 --- [           main] c.f.c.exception.GlobalExceptionHandler   : Validation failure on /api/v1/auth/login: {password=Password is required}
]]></system-out>
  </testcase>
  <testcase name="login_unknownUsername_returns401" classname="com.forgemind.modules.auth.controller.AuthControllerLoginIntegrationTest" time="0.579">
    <system-out><![CDATA[2026-06-29 19:19:20.243 DEBUG 19296 --- [           main] org.hibernate.SQL                        : 
    select
        rt1_0.id,
        rt1_0.created_at,
        rt1_0.expires_at,
        rt1_0.revoked,
        rt1_0.token_hash,
        rt1_0.user_id 
    from
        public.refresh_tokens rt1_0
2026-06-29 19:19:20.247 DEBUG 19296 --- [           main] org.hibernate.SQL                        : 
    select
        u1_0.id,
        u1_0.created_at,
        u1_0.email,
        u1_0.enabled,
        u1_0.first_name,
        u1_0.last_name,
        u1_0.password_hash,
        u1_0.updated_at,
        u1_0.username 
    from
        public.users u1_0
2026-06-29 19:19:20.250 DEBUG 19296 --- [           main] org.hibernate.SQL                        : 
    select
        r1_0.id,
        r1_0.created_at,
        r1_0.description,
        r1_0.name 
    from
        public.roles r1_0
2026-06-29 19:19:20.252 DEBUG 19296 --- [           main] org.hibernate.SQL                        : 
    insert 
    into
        public.roles
        (created_at, description, name, id) 
    values
        (?, ?, ?, default)
2026-06-29 19:19:20.260 DEBUG 19296 --- [           main] c.f.modules.auth.service.AuthService     : Attempting to register new user: alicesmith
2026-06-29 19:19:20.263 DEBUG 19296 --- [           main] org.hibernate.SQL                        : 
    select
        u1_0.id 
    from
        public.users u1_0 
    where
        u1_0.username=? 
    fetch
        first ? rows only
2026-06-29 19:19:20.266 DEBUG 19296 --- [           main] org.hibernate.SQL                        : 
    select
        u1_0.id 
    from
        public.users u1_0 
    where
        u1_0.email=? 
    fetch
        first ? rows only
2026-06-29 19:19:20.270 DEBUG 19296 --- [           main] org.hibernate.SQL                        : 
    select
        r1_0.id,
        r1_0.created_at,
        r1_0.description,
        r1_0.name 
    from
        public.roles r1_0 
    where
        r1_0.name=?
2026-06-29 19:19:20.799 DEBUG 19296 --- [           main] org.hibernate.SQL                        : 
    insert 
    into
        public.users
        (created_at, email, enabled, first_name, last_name, password_hash, updated_at, username, id) 
    values
        (?, ?, ?, ?, ?, ?, ?, ?, default)
2026-06-29 19:19:20.799  INFO 19296 --- [           main] c.f.modules.auth.service.AuthService     : Successfully registered user: alicesmith with ID: 13
2026-06-29 19:19:20.807 DEBUG 19296 --- [           main] org.hibernate.SQL                        : 
    select
        u1_0.id,
        u1_0.created_at,
        u1_0.email,
        u1_0.enabled,
        u1_0.first_name,
        u1_0.last_name,
        u1_0.password_hash,
        u1_0.updated_at,
        u1_0.username 
    from
        public.users u1_0 
    where
        u1_0.username=?
2026-06-29 19:19:20.811 DEBUG 19296 --- [           main] org.hibernate.SQL                        : 
    select
        u1_0.id,
        u1_0.created_at,
        u1_0.email,
        u1_0.enabled,
        u1_0.first_name,
        u1_0.last_name,
        u1_0.password_hash,
        u1_0.updated_at,
        u1_0.username 
    from
        public.users u1_0 
    where
        u1_0.email=?
2026-06-29 19:19:20.813  WARN 19296 --- [           main] c.f.c.exception.GlobalExceptionHandler   : Domain exception on /api/v1/auth/login: INVALID_CREDENTIALS - Invalid username/email or password
]]></system-out>
  </testcase>
  <testcase name="login_byEmail_returns200" classname="com.forgemind.modules.auth.controller.AuthControllerLoginIntegrationTest" time="1.096">
    <system-out><![CDATA[2026-06-29 19:19:20.826 DEBUG 19296 --- [           main] org.hibernate.SQL                        : 
    select
        rt1_0.id,
        rt1_0.created_at,
        rt1_0.expires_at,
        rt1_0.revoked,
        rt1_0.token_hash,
        rt1_0.user_id 
    from
        public.refresh_tokens rt1_0
2026-06-29 19:19:20.829 DEBUG 19296 --- [           main] org.hibernate.SQL                        : 
    select
        u1_0.id,
        u1_0.created_at,
        u1_0.email,
        u1_0.enabled,
        u1_0.first_name,
        u1_0.last_name,
        u1_0.password_hash,
        u1_0.updated_at,
        u1_0.username 
    from
        public.users u1_0
2026-06-29 19:19:20.830 DEBUG 19296 --- [           main] org.hibernate.SQL                        : 
    select
        r1_0.id,
        r1_0.created_at,
        r1_0.description,
        r1_0.name 
    from
        public.roles r1_0
2026-06-29 19:19:20.832 DEBUG 19296 --- [           main] org.hibernate.SQL                        : 
    insert 
    into
        public.roles
        (created_at, description, name, id) 
    values
        (?, ?, ?, default)
2026-06-29 19:19:20.837 DEBUG 19296 --- [           main] c.f.modules.auth.service.AuthService     : Attempting to register new user: alicesmith
2026-06-29 19:19:20.840 DEBUG 19296 --- [           main] org.hibernate.SQL                        : 
    select
        u1_0.id 
    from
        public.users u1_0 
    where
        u1_0.username=? 
    fetch
        first ? rows only
2026-06-29 19:19:20.842 DEBUG 19296 --- [           main] org.hibernate.SQL                        : 
    select
        u1_0.id 
    from
        public.users u1_0 
    where
        u1_0.email=? 
    fetch
        first ? rows only
2026-06-29 19:19:20.845 DEBUG 19296 --- [           main] org.hibernate.SQL                        : 
    select
        r1_0.id,
        r1_0.created_at,
        r1_0.description,
        r1_0.name 
    from
        public.roles r1_0 
    where
        r1_0.name=?
2026-06-29 19:19:21.364 DEBUG 19296 --- [           main] org.hibernate.SQL                        : 
    insert 
    into
        public.users
        (created_at, email, enabled, first_name, last_name, password_hash, updated_at, username, id) 
    values
        (?, ?, ?, ?, ?, ?, ?, ?, default)
2026-06-29 19:19:21.364  INFO 19296 --- [           main] c.f.modules.auth.service.AuthService     : Successfully registered user: alicesmith with ID: 14
2026-06-29 19:19:21.375 DEBUG 19296 --- [           main] org.hibernate.SQL                        : 
    select
        u1_0.id,
        u1_0.created_at,
        u1_0.email,
        u1_0.enabled,
        u1_0.first_name,
        u1_0.last_name,
        u1_0.password_hash,
        u1_0.updated_at,
        u1_0.username 
    from
        public.users u1_0 
    where
        u1_0.username=?
2026-06-29 19:19:21.377 DEBUG 19296 --- [           main] org.hibernate.SQL                        : 
    select
        u1_0.id,
        u1_0.created_at,
        u1_0.email,
        u1_0.enabled,
        u1_0.first_name,
        u1_0.last_name,
        u1_0.password_hash,
        u1_0.updated_at,
        u1_0.username 
    from
        public.users u1_0 
    where
        u1_0.email=?
2026-06-29 19:19:21.377 DEBUG 19296 --- [           main] org.hibernate.SQL                        : 
    select
        u1_0.id,
        u1_0.created_at,
        u1_0.email,
        u1_0.enabled,
        u1_0.first_name,
        u1_0.last_name,
        u1_0.password_hash,
        u1_0.updated_at,
        u1_0.username 
    from
        public.users u1_0 
    where
        u1_0.username=?
2026-06-29 19:19:21.910 DEBUG 19296 --- [           main] org.hibernate.SQL                        : 
    delete 
    from
        public.refresh_tokens rt1_0 
    where
        rt1_0.expires_at<?
2026-06-29 19:19:21.910 DEBUG 19296 --- [           main] org.hibernate.SQL                        : 
    insert 
    into
        public.refresh_tokens
        (created_at, expires_at, revoked, token_hash, user_id, id) 
    values
        (?, ?, ?, ?, ?, default)
2026-06-29 19:19:21.912  INFO 19296 --- [           main] c.f.modules.auth.service.AuthService     : User 'alicesmith' (ID: 14) logged in successfully
]]></system-out>
  </testcase>
  <testcase name="login_expiresInMatchesConfig" classname="com.forgemind.modules.auth.controller.AuthControllerLoginIntegrationTest" time="1.074">
    <system-out><![CDATA[2026-06-29 19:19:21.924 DEBUG 19296 --- [           main] org.hibernate.SQL                        : 
    select
        rt1_0.id,
        rt1_0.created_at,
        rt1_0.expires_at,
        rt1_0.revoked,
        rt1_0.token_hash,
        rt1_0.user_id 
    from
        public.refresh_tokens rt1_0
2026-06-29 19:19:21.926 DEBUG 19296 --- [           main] org.hibernate.SQL                        : 
    select
        u1_0.id,
        u1_0.created_at,
        u1_0.email,
        u1_0.enabled,
        u1_0.first_name,
        u1_0.last_name,
        u1_0.password_hash,
        u1_0.updated_at,
        u1_0.username 
    from
        public.users u1_0
2026-06-29 19:19:21.927 DEBUG 19296 --- [           main] org.hibernate.SQL                        : 
    select
        r1_0.id,
        r1_0.created_at,
        r1_0.description,
        r1_0.name 
    from
        public.roles r1_0
2026-06-29 19:19:21.928 DEBUG 19296 --- [           main] org.hibernate.SQL                        : 
    insert 
    into
        public.roles
        (created_at, description, name, id) 
    values
        (?, ?, ?, default)
2026-06-29 19:19:21.931 DEBUG 19296 --- [           main] c.f.modules.auth.service.AuthService     : Attempting to register new user: alicesmith
2026-06-29 19:19:21.933 DEBUG 19296 --- [           main] org.hibernate.SQL                        : 
    select
        u1_0.id 
    from
        public.users u1_0 
    where
        u1_0.username=? 
    fetch
        first ? rows only
2026-06-29 19:19:21.935 DEBUG 19296 --- [           main] org.hibernate.SQL                        : 
    select
        u1_0.id 
    from
        public.users u1_0 
    where
        u1_0.email=? 
    fetch
        first ? rows only
2026-06-29 19:19:21.938 DEBUG 19296 --- [           main] org.hibernate.SQL                        : 
    select
        r1_0.id,
        r1_0.created_at,
        r1_0.description,
        r1_0.name 
    from
        public.roles r1_0 
    where
        r1_0.name=?
2026-06-29 19:19:22.447 DEBUG 19296 --- [           main] org.hibernate.SQL                        : 
    insert 
    into
        public.users
        (created_at, email, enabled, first_name, last_name, password_hash, updated_at, username, id) 
    values
        (?, ?, ?, ?, ?, ?, ?, ?, default)
2026-06-29 19:19:22.449  INFO 19296 --- [           main] c.f.modules.auth.service.AuthService     : Successfully registered user: alicesmith with ID: 15
2026-06-29 19:19:22.455 DEBUG 19296 --- [           main] org.hibernate.SQL                        : 
    select
        u1_0.id,
        u1_0.created_at,
        u1_0.email,
        u1_0.enabled,
        u1_0.first_name,
        u1_0.last_name,
        u1_0.password_hash,
        u1_0.updated_at,
        u1_0.username 
    from
        public.users u1_0 
    where
        u1_0.username=?
2026-06-29 19:19:22.458 DEBUG 19296 --- [           main] org.hibernate.SQL                        : 
    select
        u1_0.id,
        u1_0.created_at,
        u1_0.email,
        u1_0.enabled,
        u1_0.first_name,
        u1_0.last_name,
        u1_0.password_hash,
        u1_0.updated_at,
        u1_0.username 
    from
        public.users u1_0 
    where
        u1_0.username=?
2026-06-29 19:19:22.985 DEBUG 19296 --- [           main] org.hibernate.SQL                        : 
    delete 
    from
        public.refresh_tokens rt1_0 
    where
        rt1_0.expires_at<?
2026-06-29 19:19:22.987 DEBUG 19296 --- [           main] org.hibernate.SQL                        : 
    insert 
    into
        public.refresh_tokens
        (created_at, expires_at, revoked, token_hash, user_id, id) 
    values
        (?, ?, ?, ?, ?, default)
2026-06-29 19:19:22.988  INFO 19296 --- [           main] c.f.modules.auth.service.AuthService     : User 'alicesmith' (ID: 15) logged in successfully
]]></system-out>
  </testcase>
  <testcase name="login_wrongPassword_returns401" classname="com.forgemind.modules.auth.controller.AuthControllerLoginIntegrationTest" time="1.372">
    <system-out><![CDATA[2026-06-29 19:19:23.000 DEBUG 19296 --- [           main] org.hibernate.SQL                        : 
    select
        rt1_0.id,
        rt1_0.created_at,
        rt1_0.expires_at,
        rt1_0.revoked,
        rt1_0.token_hash,
        rt1_0.user_id 
    from
        public.refresh_tokens rt1_0
2026-06-29 19:19:23.001 DEBUG 19296 --- [           main] org.hibernate.SQL                        : 
    select
        u1_0.id,
        u1_0.created_at,
        u1_0.email,
        u1_0.enabled,
        u1_0.first_name,
        u1_0.last_name,
        u1_0.password_hash,
        u1_0.updated_at,
        u1_0.username 
    from
        public.users u1_0
2026-06-29 19:19:23.003 DEBUG 19296 --- [           main] org.hibernate.SQL                        : 
    select
        r1_0.id,
        r1_0.created_at,
        r1_0.description,
        r1_0.name 
    from
        public.roles r1_0
2026-06-29 19:19:23.004 DEBUG 19296 --- [           main] org.hibernate.SQL                        : 
    insert 
    into
        public.roles
        (created_at, description, name, id) 
    values
        (?, ?, ?, default)
2026-06-29 19:19:23.008 DEBUG 19296 --- [           main] c.f.modules.auth.service.AuthService     : Attempting to register new user: alicesmith
2026-06-29 19:19:23.010 DEBUG 19296 --- [           main] org.hibernate.SQL                        : 
    select
        u1_0.id 
    from
        public.users u1_0 
    where
        u1_0.username=? 
    fetch
        first ? rows only
2026-06-29 19:19:23.012 DEBUG 19296 --- [           main] org.hibernate.SQL                        : 
    select
        u1_0.id 
    from
        public.users u1_0 
    where
        u1_0.email=? 
    fetch
        first ? rows only
2026-06-29 19:19:23.013 DEBUG 19296 --- [           main] org.hibernate.SQL                        : 
    select
        r1_0.id,
        r1_0.created_at,
        r1_0.description,
        r1_0.name 
    from
        public.roles r1_0 
    where
        r1_0.name=?
2026-06-29 19:19:23.820 DEBUG 19296 --- [           main] org.hibernate.SQL                        : 
    insert 
    into
        public.users
        (created_at, email, enabled, first_name, last_name, password_hash, updated_at, username, id) 
    values
        (?, ?, ?, ?, ?, ?, ?, ?, default)
2026-06-29 19:19:23.822  INFO 19296 --- [           main] c.f.modules.auth.service.AuthService     : Successfully registered user: alicesmith with ID: 16
2026-06-29 19:19:23.831 DEBUG 19296 --- [           main] org.hibernate.SQL                        : 
    select
        u1_0.id,
        u1_0.created_at,
        u1_0.email,
        u1_0.enabled,
        u1_0.first_name,
        u1_0.last_name,
        u1_0.password_hash,
        u1_0.updated_at,
        u1_0.username 
    from
        public.users u1_0 
    where
        u1_0.username=?
2026-06-29 19:19:23.835 DEBUG 19296 --- [           main] org.hibernate.SQL                        : 
    select
        u1_0.id,
        u1_0.created_at,
        u1_0.email,
        u1_0.enabled,
        u1_0.first_name,
        u1_0.last_name,
        u1_0.password_hash,
        u1_0.updated_at,
        u1_0.username 
    from
        public.users u1_0 
    where
        u1_0.username=?
2026-06-29 19:19:24.362 DEBUG 19296 --- [           main] c.f.modules.auth.service.AuthService     : Authentication failure for identifier 'alicesmith': BadCredentialsException
2026-06-29 19:19:24.362  WARN 19296 --- [           main] c.f.c.exception.GlobalExceptionHandler   : Domain exception on /api/v1/auth/login: INVALID_CREDENTIALS - Invalid username/email or password
]]></system-out>
  </testcase>
</testsuite>