<?xml version="1.0" encoding="UTF-8"?>
<testsuite xmlns:xsi="http://www.w3.org/2001/XMLSchema-instance" xsi:noNamespaceSchemaLocation="https://maven.apache.org/surefire/maven-surefire-plugin/xsd/surefire-test-report-3.0.xsd" version="3.0" name="com.forgemind.modules.auth.repository.RoleRepositoryTest" time="1.561" tests="6" errors="0" skipped="0" failures="0">
  <properties>
[...]
</properties>
  <testcase name="findByName_unknownName_returnsEmpty" classname="com.forgemind.modules.auth.repository.RoleRepositoryTest" time="0.036">
    <system-out><![CDATA[
  .   ____          _            __ _ _
 /\\ / ___'_ __ _ _(_)_ __  __ _ \ \ \ \
( ( )\___ | '_ | '_| | '_ \/ _` | \ \ \ \
 \\/  ___)| |_)| | | | | || (_| |  ) ) ) )
  '  |____| .__|_| |_|_| |_\__, | / / / /
 =========|_|==============|___/=/_/_/_/

 :: Spring Boot ::                (v3.3.1)

2026-07-12 10:28:19.810  INFO 14848 --- [           main] c.f.m.a.repository.RoleRepositoryTest    : [NO_REQ_ID | NO_USER] Starting RoleRepositoryTest using Java 21.0.11 with PID 14848 (started by varun in C:\Users\varun\OneDrive\Documents\flutter1\Forgemind\ForgeMind\backend)
2026-07-12 10:28:19.810 DEBUG 14848 --- [           main] c.f.m.a.repository.RoleRepositoryTest    : [NO_REQ_ID | NO_USER] Running with Spring Boot v3.3.1, Spring v6.1.10
2026-07-12 10:28:19.810  INFO 14848 --- [           main] c.f.m.a.repository.RoleRepositoryTest    : [NO_REQ_ID | NO_USER] The following 1 profile is active: "test"
2026-07-12 10:28:20.719 DEBUG 14848 --- [           main] org.hibernate.SQL                        : [NO_REQ_ID | NO_USER] 
    drop table if exists public.activities cascade 
Hibernate: 
    drop table if exists public.activities cascade 
2026-07-12 10:28:20.721 DEBUG 14848 --- [           main] org.hibernate.SQL                        : [NO_REQ_ID | NO_USER] 
    drop table if exists public.knowledge_chunks cascade 
Hibernate: 
    drop table if exists public.knowledge_chunks cascade 
2026-07-12 10:28:20.721 DEBUG 14848 --- [           main] org.hibernate.SQL                        : [NO_REQ_ID | NO_USER] 
    drop table if exists public.knowledge_documents cascade 
Hibernate: 
    drop table if exists public.knowledge_documents cascade 
2026-07-12 10:28:20.722 DEBUG 14848 --- [           main] org.hibernate.SQL                        : [NO_REQ_ID | NO_USER] 
    drop table if exists public.projects cascade 
Hibernate: 
    drop table if exists public.projects cascade 
2026-07-12 10:28:20.722 DEBUG 14848 --- [           main] org.hibernate.SQL                        : [NO_REQ_ID | NO_USER] 
    drop table if exists public.refresh_tokens cascade 
Hibernate: 
    drop table if exists public.refresh_tokens cascade 
2026-07-12 10:28:20.722 DEBUG 14848 --- [           main] org.hibernate.SQL                        : [NO_REQ_ID | NO_USER] 
    drop table if exists public.roles cascade 
Hibernate: 
    drop table if exists public.roles cascade 
2026-07-12 10:28:20.722 DEBUG 14848 --- [           main] org.hibernate.SQL                        : [NO_REQ_ID | NO_USER] 
    drop table if exists public.tasks cascade 
Hibernate: 
    drop table if exists public.tasks cascade 
2026-07-12 10:28:20.723 DEBUG 14848 --- [           main] org.hibernate.SQL                        : [NO_REQ_ID | NO_USER] 
    drop table if exists public.team_members cascade 
Hibernate: 
    drop table if exists public.team_members cascade 
2026-07-12 10:28:20.723 DEBUG 14848 --- [           main] org.hibernate.SQL                        : [NO_REQ_ID | NO_USER] 
    drop table if exists public.teams cascade 
Hibernate: 
    drop table if exists public.teams cascade 
2026-07-12 10:28:20.723 DEBUG 14848 --- [           main] org.hibernate.SQL                        : [NO_REQ_ID | NO_USER] 
    drop table if exists public.user_roles cascade 
Hibernate: 
    drop table if exists public.user_roles cascade 
2026-07-12 10:28:20.723 DEBUG 14848 --- [           main] org.hibernate.SQL                        : [NO_REQ_ID | NO_USER] 
    drop table if exists public.users cascade 
Hibernate: 
    drop table if exists public.users cascade 
2026-07-12 10:28:20.724 DEBUG 14848 --- [           main] org.hibernate.SQL                        : [NO_REQ_ID | NO_USER] 
    create table public.activities (
        actor_id bigint not null,
        created_at timestamp(6) with time zone not null,
        id uuid not null,
        project_id uuid,
        task_id uuid,
        team_id uuid,
        message TEXT not null,
        metadata TEXT,
        activity_type enum ('PROJECT_CREATED','PROJECT_DELETED','PROJECT_UPDATED','TASK_ASSIGNED','TASK_COMPLETED','TASK_CREATED','TASK_DELETED','TASK_STATUS_CHANGED','TASK_UPDATED','TEAM_CREATED','TEAM_MEMBER_ADDED','TEAM_MEMBER_REMOVED','USER_UPDATED') not null,
        primary key (id)
    )
Hibernate: 
    create table public.activities (
        actor_id bigint not null,
        created_at timestamp(6) with time zone not null,
        id uuid not null,
        project_id uuid,
        task_id uuid,
        team_id uuid,
        message TEXT not null,
        metadata TEXT,
        activity_type enum ('PROJECT_CREATED','PROJECT_DELETED','PROJECT_UPDATED','TASK_ASSIGNED','TASK_COMPLETED','TASK_CREATED','TASK_DELETED','TASK_STATUS_CHANGED','TASK_UPDATED','TEAM_CREATED','TEAM_MEMBER_ADDED','TEAM_MEMBER_REMOVED','USER_UPDATED') not null,
        primary key (id)
    )
2026-07-12 10:28:20.727 DEBUG 14848 --- [           main] org.hibernate.SQL                        : [NO_REQ_ID | NO_USER] 
    create table public.knowledge_chunks (
        chunk_index integer not null,
        created_at timestamp(6) with time zone not null,
        document_id uuid not null,
        id uuid not null,
        project_id uuid not null,
        chunk_text TEXT not null,
        metadata JSONB,
        source_id varchar(255) not null,
        source_type enum ('ACTIVITY','DOCUMENTATION','PROJECT','TASK','TEAM') not null,
        primary key (id)
    )
Hibernate: 
    create table public.knowledge_chunks (
        chunk_index integer not null,
        created_at timestamp(6) with time zone not null,
        document_id uuid not null,
        id uuid not null,
        project_id uuid not null,
        chunk_text TEXT not null,
        metadata JSONB,
        source_id varchar(255) not null,
        source_type enum ('ACTIVITY','DOCUMENTATION','PROJECT','TASK','TEAM') not null,
        primary key (id)
    )
2026-07-12 10:28:20.729  WARN 14848 --- [           main] o.h.t.s.i.ExceptionHandlerLoggedImpl     : [NO_REQ_ID | NO_USER] GenerationTarget encountered exception accepting command : Error executing DDL "
    create table public.knowledge_chunks (
        chunk_index integer not null,
        created_at timestamp(6) with time zone not null,
        document_id uuid not null,
        id uuid not null,
        project_id uuid not null,
        chunk_text TEXT not null,
        metadata JSONB,
        source_id varchar(255) not null,
        source_type enum ('ACTIVITY','DOCUMENTATION','PROJECT','TASK','TEAM') not null,
        primary key (id)
    )" via JDBC [Unknown data type: "JSONB";]

org.hibernate.tool.schema.spi.CommandAcceptanceException: Error executing DDL "
    create table public.knowledge_chunks (
        chunk_index integer not null,
        created_at timestamp(6) with time zone not null,
        document_id uuid not null,
        id uuid not null,
        project_id uuid not null,
        chunk_text TEXT not null,
        metadata JSONB,
        source_id varchar(255) not null,
        source_type enum ('ACTIVITY','DOCUMENTATION','PROJECT','TASK','TEAM') not null,
        primary key (id)
    )" via JDBC [Unknown data type: "JSONB";]
	at org.hibernate.tool.schema.internal.exec.GenerationTargetToDatabase.accept(GenerationTargetToDatabase.java:94)
	at org.hibernate.tool.schema.internal.Helper.applySqlString(Helper.java:233)
	at org.hibernate.tool.schema.internal.Helper.applySqlStrings(Helper.java:217)
	at org.hibernate.tool.schema.internal.SchemaCreatorImpl.createTables(SchemaCreatorImpl.java:428)
	at org.hibernate.tool.schema.internal.SchemaCreatorImpl.createSequencesTablesConstraints(SchemaCreatorImpl.java:344)
	at org.hibernate.tool.schema.internal.SchemaCreatorImpl.createFromMetadata(SchemaCreatorImpl.java:239)
	at org.hibernate.tool.schema.internal.SchemaCreatorImpl.performCreation(SchemaCreatorImpl.java:172)
	at org.hibernate.tool.schema.internal.SchemaCreatorImpl.doCreation(SchemaCreatorImpl.java:142)
	at org.hibernate.tool.schema.internal.SchemaCreatorImpl.doCreation(SchemaCreatorImpl.java:118)
	at org.hibernate.tool.schema.spi.SchemaManagementToolCoordinator.performDatabaseAction(SchemaManagementToolCoordinator.java:250)
	at org.hibernate.tool.schema.spi.SchemaManagementToolCoordinator.lambda$process$5(SchemaManagementToolCoordinator.java:144)
	at java.base/java.util.HashMap.forEach(HashMap.java:1429)
	at org.hibernate.tool.schema.spi.SchemaManagementToolCoordinator.process(SchemaManagementToolCoordinator.java:141)
	at org.hibernate.boot.internal.SessionFactoryObserverForSchemaExport.sessionFactoryCreated(SessionFactoryObserverForSchemaExport.java:37)
	at org.hibernate.internal.SessionFactoryObserverChain.sessionFactoryCreated(SessionFactoryObserverChain.java:35)
	at org.hibernate.internal.SessionFactoryImpl.<init>(SessionFactoryImpl.java:322)
	at org.hibernate.boot.internal.SessionFactoryBuilderImpl.build(SessionFactoryBuilderImpl.java:457)
	at org.hibernate.jpa.boot.internal.EntityManagerFactoryBuilderImpl.build(EntityManagerFactoryBuilderImpl.java:1506)
	at org.springframework.orm.jpa.vendor.SpringHibernateJpaPersistenceProvider.createContainerEntityManagerFactory(SpringHibernateJpaPersistenceProvider.java:75)
	at org.springframework.orm.jpa.LocalContainerEntityManagerFactoryBean.createNativeEntityManagerFactory(LocalContainerEntityManagerFactoryBean.java:390)
	at org.springframework.orm.jpa.AbstractEntityManagerFactoryBean.buildNativeEntityManagerFactory(AbstractEntityManagerFactoryBean.java:409)
	at org.springframework.orm.jpa.AbstractEntityManagerFactoryBean.afterPropertiesSet(AbstractEntityManagerFactoryBean.java:396)
	at org.springframework.orm.jpa.LocalContainerEntityManagerFactoryBean.afterPropertiesSet(LocalContainerEntityManagerFactoryBean.java:366)
	at org.springframework.beans.factory.support.AbstractAutowireCapableBeanFactory.invokeInitMethods(AbstractAutowireCapableBeanFactory.java:1835)
	at org.springframework.beans.factory.support.AbstractAutowireCapableBeanFactory.initializeBean(AbstractAutowireCapableBeanFactory.java:1784)
	at org.springframework.beans.factory.support.AbstractAutowireCapableBeanFactory.doCreateBean(AbstractAutowireCapableBeanFactory.java:600)
	at org.springframework.beans.factory.support.AbstractAutowireCapableBeanFactory.createBean(AbstractAutowireCapableBeanFactory.java:522)
	at org.springframework.beans.factory.support.AbstractBeanFactory.lambda$doGetBean$0(AbstractBeanFactory.java:337)
	at org.springframework.beans.factory.support.DefaultSingletonBeanRegistry.getSingleton(DefaultSingletonBeanRegistry.java:234)
	at org.springframework.beans.factory.support.AbstractBeanFactory.doGetBean(AbstractBeanFactory.java:335)
	at org.springframework.beans.factory.support.AbstractBeanFactory.getBean(AbstractBeanFactory.java:205)
	at org.springframework.context.support.AbstractApplicationContext.finishBeanFactoryInitialization(AbstractApplicationContext.java:952)
	at org.springframework.context.support.AbstractApplicationContext.refresh(AbstractApplicationContext.java:624)
	at org.springframework.boot.SpringApplication.refresh(SpringApplication.java:754)
	at org.springframework.boot.SpringApplication.refreshContext(SpringApplication.java:456)
	at org.springframework.boot.SpringApplication.run(SpringApplication.java:335)
	at org.springframework.boot.test.context.SpringBootContextLoader.lambda$loadContext$3(SpringBootContextLoader.java:137)
	at org.springframework.util.function.ThrowingSupplier.get(ThrowingSupplier.java:58)
	at org.springframework.util.function.ThrowingSupplier.get(ThrowingSupplier.java:46)
	at org.springframework.boot.SpringApplication.withHook(SpringApplication.java:1463)
	at org.springframework.boot.test.context.SpringBootContextLoader$ContextLoaderHook.run(SpringBootContextLoader.java:553)
	at org.springframework.boot.test.context.SpringBootContextLoader.loadContext(SpringBootContextLoader.java:137)
	at org.springframework.boot.test.context.SpringBootContextLoader.loadContext(SpringBootContextLoader.java:108)
	at org.springframework.test.context.cache.DefaultCacheAwareContextLoaderDelegate.loadContextInternal(DefaultCacheAwareContextLoaderDelegate.java:225)
	at org.springframework.test.context.cache.DefaultCacheAwareContextLoaderDelegate.loadContext(DefaultCacheAwareContextLoaderDelegate.java:152)
	at org.springframework.test.context.support.DefaultTestContext.getApplicationContext(DefaultTestContext.java:130)
	at org.springframework.test.context.support.DependencyInjectionTestExecutionListener.injectDependencies(DependencyInjectionTestExecutionListener.java:142)
	at org.springframework.test.context.support.DependencyInjectionTestExecutionListener.prepareTestInstance(DependencyInjectionTestExecutionListener.java:98)
	at org.springframework.test.context.TestContextManager.prepareTestInstance(TestContextManager.java:260)
	at org.springframework.test.context.junit.jupiter.SpringExtension.postProcessTestInstance(SpringExtension.java:163)
	at org.junit.jupiter.engine.descriptor.ClassBasedTestDescriptor.lambda$invokeTestInstancePostProcessors$10(ClassBasedTestDescriptor.java:378)
	at org.junit.jupiter.engine.descriptor.ClassBasedTestDescriptor.executeAndMaskThrowable(ClassBasedTestDescriptor.java:383)
	at org.junit.jupiter.engine.descriptor.ClassBasedTestDescriptor.lambda$invokeTestInstancePostProcessors$11(ClassBasedTestDescriptor.java:378)
	at java.base/java.util.stream.ReferencePipeline$3$1.accept(ReferencePipeline.java:197)
	at java.base/java.util.stream.ReferencePipeline$2$1.accept(ReferencePipeline.java:179)
	at java.base/java.util.ArrayList$ArrayListSpliterator.forEachRemaining(ArrayList.java:1708)
	at java.base/java.util.stream.AbstractPipeline.copyInto(AbstractPipeline.java:509)
	at java.base/java.util.stream.AbstractPipeline.wrapAndCopyInto(AbstractPipeline.java:499)
	at java.base/java.util.stream.StreamSpliterators$WrappingSpliterator.forEachRemaining(StreamSpliterators.java:310)
	at java.base/java.util.stream.Streams$ConcatSpliterator.forEachRemaining(Streams.java:735)
	at java.base/java.util.stream.Streams$ConcatSpliterator.forEachRemaining(Streams.java:734)
	at java.base/java.util.stream.ReferencePipeline$Head.forEach(ReferencePipeline.java:762)
	at org.junit.jupiter.engine.descriptor.ClassBasedTestDescriptor.invokeTestInstancePostProcessors(ClassBasedTestDescriptor.java:377)
	at org.junit.jupiter.engine.descriptor.ClassBasedTestDescriptor.lambda$instantiateAndPostProcessTestInstance$6(ClassBasedTestDescriptor.java:290)
	at org.junit.platform.engine.support.hierarchical.ThrowableCollector.execute(ThrowableCollector.java:73)
	at org.junit.jupiter.engine.descriptor.ClassBasedTestDescriptor.instantiateAndPostProcessTestInstance(ClassBasedTestDescriptor.java:289)
	at org.junit.jupiter.engine.descriptor.ClassBasedTestDescriptor.lambda$testInstancesProvider$4(ClassBasedTestDescriptor.java:279)
	at java.base/java.util.Optional.orElseGet(Optional.java:364)
	at org.junit.jupiter.engine.descriptor.ClassBasedTestDescriptor.lambda$testInstancesProvider$5(ClassBasedTestDescriptor.java:278)
	at org.junit.jupiter.engine.execution.TestInstancesProvider.getTestInstances(TestInstancesProvider.java:31)
	at org.junit.jupiter.engine.descriptor.TestMethodTestDescriptor.lambda$prepare$0(TestMethodTestDescriptor.java:106)
	at org.junit.platform.engine.support.hierarchical.ThrowableCollector.execute(ThrowableCollector.java:73)
	at org.junit.jupiter.engine.descriptor.TestMethodTestDescriptor.prepare(TestMethodTestDescriptor.java:105)
	at org.junit.jupiter.engine.descriptor.TestMethodTestDescriptor.prepare(TestMethodTestDescriptor.java:69)
	at org.junit.platform.engine.support.hierarchical.NodeTestTask.lambda$prepare$2(NodeTestTask.java:123)
	at org.junit.platform.engine.support.hierarchical.ThrowableCollector.execute(ThrowableCollector.java:73)
	at org.junit.platform.engine.support.hierarchical.NodeTestTask.prepare(NodeTestTask.java:123)
	at org.junit.platform.engine.support.hierarchical.NodeTestTask.execute(NodeTestTask.java:90)
	at java.base/java.util.ArrayList.forEach(ArrayList.java:1596)
	at org.junit.platform.engine.support.hierarchical.SameThreadHierarchicalTestExecutorService.invokeAll(SameThreadHierarchicalTestExecutorService.java:41)
	at org.junit.platform.engine.support.hierarchical.NodeTestTask.lambda$executeRecursively$6(NodeTestTask.java:155)
	at org.junit.platform.engine.support.hierarchical.ThrowableCollector.execute(ThrowableCollector.java:73)
	at org.junit.platform.engine.support.hierarchical.NodeTestTask.lambda$executeRecursively$8(NodeTestTask.java:141)
	at org.junit.platform.engine.support.hierarchical.Node.around(Node.java:137)
	at org.junit.platform.engine.support.hierarchical.NodeTestTask.lambda$executeRecursively$9(NodeTestTask.java:139)
	at org.junit.platform.engine.support.hierarchical.ThrowableCollector.execute(ThrowableCollector.java:73)
	at org.junit.platform.engine.support.hierarchical.NodeTestTask.executeRecursively(NodeTestTask.java:138)
	at org.junit.platform.engine.support.hierarchical.NodeTestTask.execute(NodeTestTask.java:95)
	at java.base/java.util.ArrayList.forEach(ArrayList.java:1596)
	at org.junit.platform.engine.support.hierarchical.SameThreadHierarchicalTestExecutorService.invokeAll(SameThreadHierarchicalTestExecutorService.java:41)
	at org.junit.platform.engine.support.hierarchical.NodeTestTask.lambda$executeRecursively$6(NodeTestTask.java:155)
	at org.junit.platform.engine.support.hierarchical.ThrowableCollector.execute(ThrowableCollector.java:73)
	at org.junit.platform.engine.support.hierarchical.NodeTestTask.lambda$executeRecursively$8(NodeTestTask.java:141)
	at org.junit.platform.engine.support.hierarchical.Node.around(Node.java:137)
	at org.junit.platform.engine.support.hierarchical.NodeTestTask.lambda$executeRecursively$9(NodeTestTask.java:139)
	at org.junit.platform.engine.support.hierarchical.ThrowableCollector.execute(ThrowableCollector.java:73)
	at org.junit.platform.engine.support.hierarchical.NodeTestTask.executeRecursively(NodeTestTask.java:138)
	at org.junit.platform.engine.support.hierarchical.NodeTestTask.execute(NodeTestTask.java:95)
	at org.junit.platform.engine.support.hierarchical.SameThreadHierarchicalTestExecutorService.submit(SameThreadHierarchicalTestExecutorService.java:35)
	at org.junit.platform.engine.support.hierarchical.HierarchicalTestExecutor.execute(HierarchicalTestExecutor.java:57)
	at org.junit.platform.engine.support.hierarchical.HierarchicalTestEngine.execute(HierarchicalTestEngine.java:54)
	at org.junit.platform.launcher.core.EngineExecutionOrchestrator.execute(EngineExecutionOrchestrator.java:198)
	at org.junit.platform.launcher.core.EngineExecutionOrchestrator.execute(EngineExecutionOrchestrator.java:169)
	at org.junit.platform.launcher.core.EngineExecutionOrchestrator.execute(EngineExecutionOrchestrator.java:93)
	at org.junit.platform.launcher.core.EngineExecutionOrchestrator.lambda$execute$0(EngineExecutionOrchestrator.java:58)
	at org.junit.platform.launcher.core.EngineExecutionOrchestrator.withInterceptedStreams(EngineExecutionOrchestrator.java:141)
	at org.junit.platform.launcher.core.EngineExecutionOrchestrator.execute(EngineExecutionOrchestrator.java:57)
	at org.junit.platform.launcher.core.DefaultLauncher.execute(DefaultLauncher.java:103)
	at org.junit.platform.launcher.core.DefaultLauncher.execute(DefaultLauncher.java:85)
	at org.junit.platform.launcher.core.DelegatingLauncher.execute(DelegatingLauncher.java:47)
	at org.apache.maven.surefire.junitplatform.LazyLauncher.execute(LazyLauncher.java:56)
	at org.apache.maven.surefire.junitplatform.JUnitPlatformProvider.execute(JUnitPlatformProvider.java:184)
	at org.apache.maven.surefire.junitplatform.JUnitPlatformProvider.invokeAllTests(JUnitPlatformProvider.java:148)
	at org.apache.maven.surefire.junitplatform.JUnitPlatformProvider.invoke(JUnitPlatformProvider.java:122)
	at org.apache.maven.surefire.booter.ForkedBooter.runSuitesInProcess(ForkedBooter.java:385)
	at org.apache.maven.surefire.booter.ForkedBooter.execute(ForkedBooter.java:162)
	at org.apache.maven.surefire.booter.ForkedBooter.run(ForkedBooter.java:507)
	at org.apache.maven.surefire.booter.ForkedBooter.main(ForkedBooter.java:495)
Caused by: org.h2.jdbc.JdbcSQLNonTransientException: Unknown data type: "JSONB"; SQL statement:

    create table public.knowledge_chunks (
        chunk_index integer not null,
        created_at timestamp(6) with time zone not null,
        document_id uuid not null,
        id uuid not null,
        project_id uuid not null,
        chunk_text TEXT not null,
        metadata JSONB,
        source_id varchar(255) not null,
        source_type enum ('ACTIVITY','DOCUMENTATION','PROJECT','TASK','TEAM') not null,
        primary key (id)
    ) [50004-224]
	at org.h2.message.DbException.getJdbcSQLException(DbException.java:566)
	at org.h2.message.DbException.getJdbcSQLException(DbException.java:489)
	at org.h2.message.DbException.get(DbException.java:223)
	at org.h2.message.DbException.get(DbException.java:199)
	at org.h2.command.Parser.readIfDataType1(Parser.java:5866)
	at org.h2.command.Parser.readIfDataType(Parser.java:5704)
	at org.h2.command.Parser.parseColumnWithType(Parser.java:5686)
	at org.h2.command.Parser.parseColumnForTable(Parser.java:5565)
	at org.h2.command.Parser.parseTableColumnDefinition(Parser.java:8999)
	at org.h2.command.Parser.parseCreateTable(Parser.java:8939)
	at org.h2.command.Parser.parseCreate(Parser.java:6404)
	at org.h2.command.Parser.parsePrepared(Parser.java:666)
	at org.h2.command.Parser.parse(Parser.java:592)
	at org.h2.command.Parser.parse(Parser.java:564)
	at org.h2.command.Parser.prepareCommand(Parser.java:483)
	at org.h2.engine.SessionLocal.prepareLocal(SessionLocal.java:639)
	at org.h2.engine.SessionLocal.prepareCommand(SessionLocal.java:559)
	at org.h2.jdbc.JdbcConnection.prepareCommand(JdbcConnection.java:1166)
	at org.h2.jdbc.JdbcStatement.executeInternal(JdbcStatement.java:245)
	at org.h2.jdbc.JdbcStatement.execute(JdbcStatement.java:231)
	at org.hibernate.tool.schema.internal.exec.GenerationTargetToDatabase.accept(GenerationTargetToDatabase.java:80)
	... 117 common frames omitted

2026-07-12 10:28:20.732 DEBUG 14848 --- [           main] org.hibernate.SQL                        : [NO_REQ_ID | NO_USER] 
    create table public.knowledge_documents (
        chunk_count integer not null,
        created_at timestamp(6) with time zone not null,
        indexed_at timestamp(6) with time zone not null,
        updated_at timestamp(6) with time zone not null,
        id uuid not null,
        project_id uuid not null,
        checksum varchar(64),
        title varchar(500),
        source_id varchar(255) not null,
        source_type enum ('ACTIVITY','DOCUMENTATION','PROJECT','TASK','TEAM') not null,
        primary key (id)
    )
Hibernate: 
    create table public.knowledge_documents (
        chunk_count integer not null,
        created_at timestamp(6) with time zone not null,
        indexed_at timestamp(6) with time zone not null,
        updated_at timestamp(6) with time zone not null,
        id uuid not null,
        project_id uuid not null,
        checksum varchar(64),
        title varchar(500),
        source_id varchar(255) not null,
        source_type enum ('ACTIVITY','DOCUMENTATION','PROJECT','TASK','TEAM') not null,
        primary key (id)
    )
2026-07-12 10:28:20.734 DEBUG 14848 --- [           main] org.hibernate.SQL                        : [NO_REQ_ID | NO_USER] 
    create table public.projects (
        created_at timestamp(6) with time zone not null,
        owner_id bigint not null,
        updated_at timestamp(6) with time zone not null,
        id uuid not null,
        name varchar(100) not null,
        description TEXT,
        status enum ('ACTIVE','ARCHIVED','COMPLETED') not null,
        primary key (id)
    )
Hibernate: 
    create table public.projects (
        created_at timestamp(6) with time zone not null,
        owner_id bigint not null,
        updated_at timestamp(6) with time zone not null,
        id uuid not null,
        name varchar(100) not null,
        description TEXT,
        status enum ('ACTIVE','ARCHIVED','COMPLETED') not null,
        primary key (id)
    )
2026-07-12 10:28:20.736 DEBUG 14848 --- [           main] org.hibernate.SQL                        : [NO_REQ_ID | NO_USER] 
    create table public.refresh_tokens (
        revoked boolean not null,
        created_at timestamp(6) with time zone not null,
        expires_at timestamp(6) with time zone not null,
        id bigint generated by default as identity,
        user_id bigint not null,
        token_hash varchar(255) not null unique,
        primary key (id)
    )
Hibernate: 
    create table public.refresh_tokens (
        revoked boolean not null,
        created_at timestamp(6) with time zone not null,
        expires_at timestamp(6) with time zone not null,
        id bigint generated by default as identity,
        user_id bigint not null,
        token_hash varchar(255) not null unique,
        primary key (id)
    )
2026-07-12 10:28:20.738 DEBUG 14848 --- [           main] org.hibernate.SQL                        : [NO_REQ_ID | NO_USER] 
    create table public.roles (
        created_at timestamp(6) with time zone not null,
        id bigint generated by default as identity,
        name varchar(50) not null unique,
        description varchar(255),
        primary key (id)
    )
Hibernate: 
    create table public.roles (
        created_at timestamp(6) with time zone not null,
        id bigint generated by default as identity,
        name varchar(50) not null unique,
        description varchar(255),
        primary key (id)
    )
2026-07-12 10:28:20.739 DEBUG 14848 --- [           main] org.hibernate.SQL                        : [NO_REQ_ID | NO_USER] 
    create table public.tasks (
        assignee_id bigint,
        created_at timestamp(6) with time zone not null,
        created_by bigint not null,
        due_date timestamp(6) with time zone,
        updated_at timestamp(6) with time zone not null,
        id uuid not null,
        project_id uuid not null,
        description TEXT,
        title varchar(255) not null,
        priority enum ('CRITICAL','HIGH','LOW','MEDIUM') not null,
        status enum ('BLOCKED','DONE','IN_PROGRESS','IN_REVIEW','TODO') not null,
        primary key (id)
    )
Hibernate: 
    create table public.tasks (
        assignee_id bigint,
        created_at timestamp(6) with time zone not null,
        created_by bigint not null,
        due_date timestamp(6) with time zone,
        updated_at timestamp(6) with time zone not null,
        id uuid not null,
        project_id uuid not null,
        description TEXT,
        title varchar(255) not null,
        priority enum ('CRITICAL','HIGH','LOW','MEDIUM') not null,
        status enum ('BLOCKED','DONE','IN_PROGRESS','IN_REVIEW','TODO') not null,
        primary key (id)
    )
2026-07-12 10:28:20.741 DEBUG 14848 --- [           main] org.hibernate.SQL                        : [NO_REQ_ID | NO_USER] 
    create table public.team_members (
        joined_at timestamp(6) with time zone not null,
        user_id bigint not null,
        id uuid not null,
        team_id uuid not null,
        role enum ('ADMIN','MEMBER','OWNER') not null,
        primary key (id),
        unique (team_id, user_id)
    )
Hibernate: 
    create table public.team_members (
        joined_at timestamp(6) with time zone not null,
        user_id bigint not null,
        id uuid not null,
        team_id uuid not null,
        role enum ('ADMIN','MEMBER','OWNER') not null,
        primary key (id),
        unique (team_id, user_id)
    )
2026-07-12 10:28:20.743 DEBUG 14848 --- [           main] org.hibernate.SQL                        : [NO_REQ_ID | NO_USER] 
    create table public.teams (
        created_at timestamp(6) with time zone not null,
        updated_at timestamp(6) with time zone not null,
        id uuid not null,
        description TEXT,
        name varchar(255) not null,
        primary key (id)
    )
Hibernate: 
    create table public.teams (
        created_at timestamp(6) with time zone not null,
        updated_at timestamp(6) with time zone not null,
        id uuid not null,
        description TEXT,
        name varchar(255) not null,
        primary key (id)
    )
2026-07-12 10:28:20.743 DEBUG 14848 --- [           main] org.hibernate.SQL                        : [NO_REQ_ID | NO_USER] 
    create table public.user_roles (
        role_id bigint not null,
        user_id bigint not null,
        primary key (role_id, user_id)
    )
Hibernate: 
    create table public.user_roles (
        role_id bigint not null,
        user_id bigint not null,
        primary key (role_id, user_id)
    )
2026-07-12 10:28:20.745 DEBUG 14848 --- [           main] org.hibernate.SQL                        : [NO_REQ_ID | NO_USER] 
    create table public.users (
        enabled boolean not null,
        created_at timestamp(6) with time zone not null,
        id bigint generated by default as identity,
        updated_at timestamp(6) with time zone not null,
        username varchar(50) not null unique,
        first_name varchar(100) not null,
        last_name varchar(100) not null,
        email varchar(255) not null unique,
        password_hash varchar(255) not null,
        primary key (id)
    )
Hibernate: 
    create table public.users (
        enabled boolean not null,
        created_at timestamp(6) with time zone not null,
        id bigint generated by default as identity,
        updated_at timestamp(6) with time zone not null,
        username varchar(50) not null unique,
        first_name varchar(100) not null,
        last_name varchar(100) not null,
        email varchar(255) not null unique,
        password_hash varchar(255) not null,
        primary key (id)
    )
2026-07-12 10:28:20.747 DEBUG 14848 --- [           main] org.hibernate.SQL                        : [NO_REQ_ID | NO_USER] 
    alter table if exists public.activities 
       add constraint FKmfjrc8jdvy0yrr7x67qmrxkue 
       foreign key (actor_id) 
       references public.users
Hibernate: 
    alter table if exists public.activities 
       add constraint FKmfjrc8jdvy0yrr7x67qmrxkue 
       foreign key (actor_id) 
       references public.users
2026-07-12 10:28:20.749 DEBUG 14848 --- [           main] org.hibernate.SQL                        : [NO_REQ_ID | NO_USER] 
    alter table if exists public.projects 
       add constraint FKmueqy6cpcwpfl8gnnag4idjt9 
       foreign key (owner_id) 
       references public.users
Hibernate: 
    alter table if exists public.projects 
       add constraint FKmueqy6cpcwpfl8gnnag4idjt9 
       foreign key (owner_id) 
       references public.users
2026-07-12 10:28:20.752 DEBUG 14848 --- [           main] org.hibernate.SQL                        : [NO_REQ_ID | NO_USER] 
    alter table if exists public.refresh_tokens 
       add constraint FK1lih5y2npsf8u5o3vhdb9y0os 
       foreign key (user_id) 
       references public.users
Hibernate: 
    alter table if exists public.refresh_tokens 
       add constraint FK1lih5y2npsf8u5o3vhdb9y0os 
       foreign key (user_id) 
       references public.users
2026-07-12 10:28:20.753 DEBUG 14848 --- [           main] org.hibernate.SQL                        : [NO_REQ_ID | NO_USER] 
    alter table if exists public.tasks 
       add constraint FKekr1dgiqktpyoip3qmp6lxsit 
       foreign key (assignee_id) 
       references public.users
Hibernate: 
    alter table if exists public.tasks 
       add constraint FKekr1dgiqktpyoip3qmp6lxsit 
       foreign key (assignee_id) 
       references public.users
2026-07-12 10:28:20.756 DEBUG 14848 --- [           main] org.hibernate.SQL                        : [NO_REQ_ID | NO_USER] 
    alter table if exists public.tasks 
       add constraint FK9dgm9t7wn4w3gh57h63g712lo 
       foreign key (created_by) 
       references public.users
Hibernate: 
    alter table if exists public.tasks 
       add constraint FK9dgm9t7wn4w3gh57h63g712lo 
       foreign key (created_by) 
       references public.users
2026-07-12 10:28:20.758 DEBUG 14848 --- [           main] org.hibernate.SQL                        : [NO_REQ_ID | NO_USER] 
    alter table if exists public.tasks 
       add constraint FKsfhn82y57i3k9uxww1s007acc 
       foreign key (project_id) 
       references public.projects
Hibernate: 
    alter table if exists public.tasks 
       add constraint FKsfhn82y57i3k9uxww1s007acc 
       foreign key (project_id) 
       references public.projects
2026-07-12 10:28:20.759 DEBUG 14848 --- [           main] org.hibernate.SQL                        : [NO_REQ_ID | NO_USER] 
    alter table if exists public.team_members 
       add constraint FKtgca08el3ofisywcf11f0f76t 
       foreign key (team_id) 
       references public.teams
Hibernate: 
    alter table if exists public.team_members 
       add constraint FKtgca08el3ofisywcf11f0f76t 
       foreign key (team_id) 
       references public.teams
2026-07-12 10:28:20.760 DEBUG 14848 --- [           main] org.hibernate.SQL                        : [NO_REQ_ID | NO_USER] 
    alter table if exists public.team_members 
       add constraint FKee8x7x5026imwmma9kndkxs36 
       foreign key (user_id) 
       references public.users
Hibernate: 
    alter table if exists public.team_members 
       add constraint FKee8x7x5026imwmma9kndkxs36 
       foreign key (user_id) 
       references public.users
2026-07-12 10:28:20.762 DEBUG 14848 --- [           main] org.hibernate.SQL                        : [NO_REQ_ID | NO_USER] 
    alter table if exists public.user_roles 
       add constraint FKh8ciramu9cc9q3qcqiv4ue8a6 
       foreign key (role_id) 
       references public.roles
Hibernate: 
    alter table if exists public.user_roles 
       add constraint FKh8ciramu9cc9q3qcqiv4ue8a6 
       foreign key (role_id) 
       references public.roles
2026-07-12 10:28:20.764 DEBUG 14848 --- [           main] org.hibernate.SQL                        : [NO_REQ_ID | NO_USER] 
    alter table if exists public.user_roles 
       add constraint FKhfh9dx7w3ubf1co1vdev94g3f 
       foreign key (user_id) 
       references public.users
Hibernate: 
    alter table if exists public.user_roles 
       add constraint FKhfh9dx7w3ubf1co1vdev94g3f 
       foreign key (user_id) 
       references public.users
2026-07-12 10:28:20.985  INFO 14848 --- [           main] c.f.m.a.repository.RoleRepositoryTest    : [NO_REQ_ID | NO_USER] Started RoleRepositoryTest in 1.261 seconds (process running for 53.115)
2026-07-12 10:28:21.007 DEBUG 14848 --- [           main] org.hibernate.SQL                        : [NO_REQ_ID | NO_USER] 
    insert 
    into
        public.roles
        (created_at, description, name, id) 
    values
        (?, ?, ?, default)
Hibernate: 
    insert 
    into
        public.roles
        (created_at, description, name, id) 
    values
        (?, ?, ?, default)
2026-07-12 10:28:21.021 DEBUG 14848 --- [           main] org.hibernate.SQL                        : [NO_REQ_ID | NO_USER] 
    select
        r1_0.id,
        r1_0.created_at,
        r1_0.description,
        r1_0.name 
    from
        public.roles r1_0 
    where
        r1_0.name=?
Hibernate: 
    select
        r1_0.id,
        r1_0.created_at,
        r1_0.description,
        r1_0.name 
    from
        public.roles r1_0 
    where
        r1_0.name=?
]]></system-out>
  </testcase>
  <testcase name="existsByName_existingName_returnsTrue" classname="com.forgemind.modules.auth.repository.RoleRepositoryTest" time="0.015">
    <system-out><![CDATA[2026-07-12 10:28:21.034 DEBUG 14848 --- [           main] org.hibernate.SQL                        : [NO_REQ_ID | NO_USER] 
    insert 
    into
        public.roles
        (created_at, description, name, id) 
    values
        (?, ?, ?, default)
Hibernate: 
    insert 
    into
        public.roles
        (created_at, description, name, id) 
    values
        (?, ?, ?, default)
2026-07-12 10:28:21.040 DEBUG 14848 --- [           main] org.hibernate.SQL                        : [NO_REQ_ID | NO_USER] 
    select
        r1_0.id 
    from
        public.roles r1_0 
    where
        r1_0.name=? 
    fetch
        first ? rows only
Hibernate: 
    select
        r1_0.id 
    from
        public.roles r1_0 
    where
        r1_0.name=? 
    fetch
        first ? rows only
]]></system-out>
  </testcase>
  <testcase name="findAll_afterSetup_returnsAtLeastOne" classname="com.forgemind.modules.auth.repository.RoleRepositoryTest" time="0.027">
    <system-out><![CDATA[2026-07-12 10:28:21.052 DEBUG 14848 --- [           main] org.hibernate.SQL                        : [NO_REQ_ID | NO_USER] 
    insert 
    into
        public.roles
        (created_at, description, name, id) 
    values
        (?, ?, ?, default)
Hibernate: 
    insert 
    into
        public.roles
        (created_at, description, name, id) 
    values
        (?, ?, ?, default)
2026-07-12 10:28:21.059 DEBUG 14848 --- [           main] org.hibernate.SQL                        : [NO_REQ_ID | NO_USER] 
    select
        r1_0.id,
        r1_0.created_at,
        r1_0.description,
        r1_0.name 
    from
        public.roles r1_0
Hibernate: 
    select
        r1_0.id,
        r1_0.created_at,
        r1_0.description,
        r1_0.name 
    from
        public.roles r1_0
]]></system-out>
  </testcase>
  <testcase name="save_newRole_persistsWithId" classname="com.forgemind.modules.auth.repository.RoleRepositoryTest" time="0.025">
    <system-out><![CDATA[2026-07-12 10:28:21.082 DEBUG 14848 --- [           main] org.hibernate.SQL                        : [NO_REQ_ID | NO_USER] 
    insert 
    into
        public.roles
        (created_at, description, name, id) 
    values
        (?, ?, ?, default)
Hibernate: 
    insert 
    into
        public.roles
        (created_at, description, name, id) 
    values
        (?, ?, ?, default)
2026-07-12 10:28:21.088 DEBUG 14848 --- [           main] org.hibernate.SQL                        : [NO_REQ_ID | NO_USER] 
    insert 
    into
        public.roles
        (created_at, description, name, id) 
    values
        (?, ?, ?, default)
Hibernate: 
    insert 
    into
        public.roles
        (created_at, description, name, id) 
    values
        (?, ?, ?, default)
]]></system-out>
  </testcase>
  <testcase name="findByName_existingName_returnsRole" classname="com.forgemind.modules.auth.repository.RoleRepositoryTest" time="0.02">
    <system-out><![CDATA[2026-07-12 10:28:21.109 DEBUG 14848 --- [           main] org.hibernate.SQL                        : [NO_REQ_ID | NO_USER] 
    insert 
    into
        public.roles
        (created_at, description, name, id) 
    values
        (?, ?, ?, default)
Hibernate: 
    insert 
    into
        public.roles
        (created_at, description, name, id) 
    values
        (?, ?, ?, default)
2026-07-12 10:28:21.119 DEBUG 14848 --- [           main] org.hibernate.SQL                        : [NO_REQ_ID | NO_USER] 
    select
        r1_0.id,
        r1_0.created_at,
        r1_0.description,
        r1_0.name 
    from
        public.roles r1_0 
    where
        r1_0.name=?
Hibernate: 
    select
        r1_0.id,
        r1_0.created_at,
        r1_0.description,
        r1_0.name 
    from
        public.roles r1_0 
    where
        r1_0.name=?
]]></system-out>
  </testcase>
  <testcase name="existsByName_unknownName_returnsFalse" classname="com.forgemind.modules.auth.repository.RoleRepositoryTest" time="0.017">
    <system-out><![CDATA[2026-07-12 10:28:21.130 DEBUG 14848 --- [           main] org.hibernate.SQL                        : [NO_REQ_ID | NO_USER] 
    insert 
    into
        public.roles
        (created_at, description, name, id) 
    values
        (?, ?, ?, default)
Hibernate: 
    insert 
    into
        public.roles
        (created_at, description, name, id) 
    values
        (?, ?, ?, default)
2026-07-12 10:28:21.138 DEBUG 14848 --- [           main] org.hibernate.SQL                        : [NO_REQ_ID | NO_USER] 
    select
        r1_0.id 
    from
        public.roles r1_0 
    where
        r1_0.name=? 
    fetch
        first ? rows only
Hibernate: 
    select
        r1_0.id 
    from
        public.roles r1_0 
    where
        r1_0.name=? 
    fetch
        first ? rows only
]]></system-out>
  </testcase>
</testsuite>